running develop
Removing /home/pi/serial_ws/install/serial_comm/lib/python3.8/site-packages/serial-comm.egg-link (link to .)
running egg_info
writing ../../build/serial_comm/serial_comm.egg-info/PKG-INFO
writing dependency_links to ../../build/serial_comm/serial_comm.egg-info/dependency_links.txt
writing entry points to ../../build/serial_comm/serial_comm.egg-info/entry_points.txt
writing requirements to ../../build/serial_comm/serial_comm.egg-info/requires.txt
writing top-level names to ../../build/serial_comm/serial_comm.egg-info/top_level.txt
reading manifest file '../../build/serial_comm/serial_comm.egg-info/SOURCES.txt'
writing manifest file '../../build/serial_comm/serial_comm.egg-info/SOURCES.txt'
running build
running build_py
creating /home/pi/serial_ws/build/serial_comm/build
creating /home/pi/serial_ws/build/serial_comm/build/lib
creating /home/pi/serial_ws/build/serial_comm/build/lib/serial_comm
copying serial_comm/serial_node.py -> /home/pi/serial_ws/build/serial_comm/build/lib/serial_comm
copying serial_comm/__init__.py -> /home/pi/serial_ws/build/serial_comm/build/lib/serial_comm
running install
running install_lib
creating /home/pi/serial_ws/install/serial_comm/lib/python3.8/site-packages/serial_comm
copying /home/pi/serial_ws/build/serial_comm/build/lib/serial_comm/serial_node.py -> /home/pi/serial_ws/install/serial_comm/lib/python3.8/site-packages/serial_comm
copying /home/pi/serial_ws/build/serial_comm/build/lib/serial_comm/__init__.py -> /home/pi/serial_ws/install/serial_comm/lib/python3.8/site-packages/serial_comm
byte-compiling /home/pi/serial_ws/install/serial_comm/lib/python3.8/site-packages/serial_comm/serial_node.py to serial_node.cpython-38.pyc
byte-compiling /home/pi/serial_ws/install/serial_comm/lib/python3.8/site-packages/serial_comm/__init__.py to __init__.cpython-38.pyc
running install_data
copying resource/serial_comm -> /home/pi/serial_ws/install/serial_comm/share/ament_index/resource_index/packages
copying package.xml -> /home/pi/serial_ws/install/serial_comm/share/serial_comm
running install_egg_info
Copying ../../build/serial_comm/serial_comm.egg-info to /home/pi/serial_ws/install/serial_comm/lib/python3.8/site-packages/serial_comm-0.0.0-py3.8.egg-info
running install_scripts
Installing serial_node script to /home/pi/serial_ws/install/serial_comm/lib/serial_comm
writing list of installed files to '/home/pi/serial_ws/build/serial_comm/install.log'
