[2.899s] Invoking command in '/home/pi/serial_ws/build/serial_comm': PYTHONPATH=/home/pi/serial_ws/build/serial_comm/prefix_override:/usr/lib/python3/dist-packages/colcon_core/task/python/colcon_distutils_commands:/home/pi/serial_ws/install/serial_comm/lib/python3.8/site-packages:${PYTHONPATH} /usr/bin/python3 -W ignore:setup.py install is deprecated -W ignore:easy_install command is deprecated setup.py develop --uninstall --editable --build-directory /home/pi/serial_ws/build/serial_comm/build
[3.769s] running develop
[4.264s] Removing /home/pi/serial_ws/install/serial_comm/lib/python3.8/site-packages/serial-comm.egg-link (link to .)
[4.353s] Invoked command in '/home/pi/serial_ws/build/serial_comm' returned '0': PYTHONPATH=/home/pi/serial_ws/build/serial_comm/prefix_override:/usr/lib/python3/dist-packages/colcon_core/task/python/colcon_distutils_commands:/home/pi/serial_ws/install/serial_comm/lib/python3.8/site-packages:${PYTHONPATH} /usr/bin/python3 -W ignore:setup.py install is deprecated -W ignore:easy_install command is deprecated setup.py develop --uninstall --editable --build-directory /home/pi/serial_ws/build/serial_comm/build
[4.362s] Invoking command in '/home/pi/serial_ws/src/serial_comm': PYTHONPATH=/home/pi/serial_ws/build/serial_comm/prefix_override:/usr/lib/python3/dist-packages/colcon_core/task/python/colcon_distutils_commands:/home/pi/serial_ws/install/serial_comm/lib/python3.8/site-packages:${PYTHONPATH} /usr/bin/python3 -W ignore:setup.py install is deprecated -W ignore:easy_install command is deprecated setup.py egg_info --egg-base ../../build/serial_comm build --build-base /home/pi/serial_ws/build/serial_comm/build install --record /home/pi/serial_ws/build/serial_comm/install.log --install-scripts $base/lib/serial_comm --single-version-externally-managed install_data --force
[5.167s] running egg_info
[5.169s] writing ../../build/serial_comm/serial_comm.egg-info/PKG-INFO
[5.170s] writing dependency_links to ../../build/serial_comm/serial_comm.egg-info/dependency_links.txt
[5.171s] writing entry points to ../../build/serial_comm/serial_comm.egg-info/entry_points.txt
[5.172s] writing requirements to ../../build/serial_comm/serial_comm.egg-info/requires.txt
[5.172s] writing top-level names to ../../build/serial_comm/serial_comm.egg-info/top_level.txt
[5.311s] reading manifest file '../../build/serial_comm/serial_comm.egg-info/SOURCES.txt'
[5.314s] writing manifest file '../../build/serial_comm/serial_comm.egg-info/SOURCES.txt'
[5.315s] running build
[5.316s] running build_py
[5.316s] creating /home/pi/serial_ws/build/serial_comm/build
[5.316s] creating /home/pi/serial_ws/build/serial_comm/build/lib
[5.317s] creating /home/pi/serial_ws/build/serial_comm/build/lib/serial_comm
[5.317s] copying serial_comm/serial_node.py -> /home/pi/serial_ws/build/serial_comm/build/lib/serial_comm
[5.318s] copying serial_comm/__init__.py -> /home/pi/serial_ws/build/serial_comm/build/lib/serial_comm
[5.319s] running install
[5.322s] running install_lib
[5.325s] creating /home/pi/serial_ws/install/serial_comm/lib/python3.8/site-packages/serial_comm
[5.326s] copying /home/pi/serial_ws/build/serial_comm/build/lib/serial_comm/serial_node.py -> /home/pi/serial_ws/install/serial_comm/lib/python3.8/site-packages/serial_comm
[5.326s] copying /home/pi/serial_ws/build/serial_comm/build/lib/serial_comm/__init__.py -> /home/pi/serial_ws/install/serial_comm/lib/python3.8/site-packages/serial_comm
[5.329s] byte-compiling /home/pi/serial_ws/install/serial_comm/lib/python3.8/site-packages/serial_comm/serial_node.py to serial_node.cpython-38.pyc
[5.334s] byte-compiling /home/pi/serial_ws/install/serial_comm/lib/python3.8/site-packages/serial_comm/__init__.py to __init__.cpython-38.pyc
[5.334s] running install_data
[5.336s] copying resource/serial_comm -> /home/pi/serial_ws/install/serial_comm/share/ament_index/resource_index/packages
[5.337s] copying package.xml -> /home/pi/serial_ws/install/serial_comm/share/serial_comm
[5.338s] running install_egg_info
[5.344s] Copying ../../build/serial_comm/serial_comm.egg-info to /home/pi/serial_ws/install/serial_comm/lib/python3.8/site-packages/serial_comm-0.0.0-py3.8.egg-info
[5.349s] running install_scripts
[5.410s] Installing serial_node script to /home/pi/serial_ws/install/serial_comm/lib/serial_comm
[5.411s] writing list of installed files to '/home/pi/serial_ws/build/serial_comm/install.log'
[5.503s] Invoked command in '/home/pi/serial_ws/src/serial_comm' returned '0': PYTHONPATH=/home/pi/serial_ws/build/serial_comm/prefix_override:/usr/lib/python3/dist-packages/colcon_core/task/python/colcon_distutils_commands:/home/pi/serial_ws/install/serial_comm/lib/python3.8/site-packages:${PYTHONPATH} /usr/bin/python3 -W ignore:setup.py install is deprecated -W ignore:easy_install command is deprecated setup.py egg_info --egg-base ../../build/serial_comm build --build-base /home/pi/serial_ws/build/serial_comm/build install --record /home/pi/serial_ws/build/serial_comm/install.log --install-scripts $base/lib/serial_comm --single-version-externally-managed install_data --force
