[0.039s] Invoking command in '/home/farah/farah/GP_Repo/Autonomous-RC-Car/build/ros2_control_demo_description': CMAKE_PREFIX_PATH=/home/farah/farah/dev_ws/install/zinger_description:/home/farah/farah/dev_ws/install/temp_teleop:/home/farah/farah/dev_ws/install/sim_car:/home/farah/farah/dev_ws/install/serial_motor:/home/farah/farah/dev_ws/install/ros2_control_demo_example_2:/home/farah/farah/dev_ws/install/ros2_control_demo_example_11:/home/farah/farah/dev_ws/install/ros2_control_demo_description:/home/farah/farah/dev_ws/install/race_it:/home/farah/farah/dev_ws/install/nav2_line_following_controller:/home/farah/farah/dev_ws/install/articubot_one:/opt/ros/humble /usr/bin/cmake /home/farah/farah/GP_Repo/Autonomous-RC-Car/dev_ws/src/ros2_control_demo_description -DCMAKE_INSTALL_PREFIX=/home/farah/farah/GP_Repo/Autonomous-RC-Car/install/ros2_control_demo_description
[0.768s] -- The C compiler identification is GNU 11.4.0
[0.769s] -- The CXX compiler identification is GNU 11.4.0
[0.769s] -- Detecting C compiler ABI info
[0.769s] -- Detecting C compiler ABI info - done
[0.769s] -- Check for working C compiler: /usr/bin/cc - skipped
[0.769s] -- Detecting C compile features
[0.769s] -- Detecting C compile features - done
[0.769s] -- Detecting CXX compiler ABI info
[0.769s] -- Detecting CXX compiler ABI info - done
[0.770s] -- Check for working CXX compiler: /usr/bin/c++ - skipped
[0.770s] -- Detecting CXX compile features
[0.770s] -- Detecting CXX compile features - done
[0.770s] -- Found ament_cmake: 1.3.10 (/opt/ros/humble/share/ament_cmake/cmake)
[0.796s] -- Found Python3: /usr/bin/python3 (found version "3.10.12") found components: Interpreter 
[1.094s] -- Configuring done
[1.098s] -- Generating done
[1.099s] -- Build files have been written to: /home/farah/farah/GP_Repo/Autonomous-RC-Car/build/ros2_control_demo_description
[1.110s] Invoked command in '/home/farah/farah/GP_Repo/Autonomous-RC-Car/build/ros2_control_demo_description' returned '0': CMAKE_PREFIX_PATH=/home/farah/farah/dev_ws/install/zinger_description:/home/farah/farah/dev_ws/install/temp_teleop:/home/farah/farah/dev_ws/install/sim_car:/home/farah/farah/dev_ws/install/serial_motor:/home/farah/farah/dev_ws/install/ros2_control_demo_example_2:/home/farah/farah/dev_ws/install/ros2_control_demo_example_11:/home/farah/farah/dev_ws/install/ros2_control_demo_description:/home/farah/farah/dev_ws/install/race_it:/home/farah/farah/dev_ws/install/nav2_line_following_controller:/home/farah/farah/dev_ws/install/articubot_one:/opt/ros/humble /usr/bin/cmake /home/farah/farah/GP_Repo/Autonomous-RC-Car/dev_ws/src/ros2_control_demo_description -DCMAKE_INSTALL_PREFIX=/home/farah/farah/GP_Repo/Autonomous-RC-Car/install/ros2_control_demo_description
[1.112s] Invoking command in '/home/farah/farah/GP_Repo/Autonomous-RC-Car/build/ros2_control_demo_description': CMAKE_PREFIX_PATH=/home/farah/farah/dev_ws/install/zinger_description:/home/farah/farah/dev_ws/install/temp_teleop:/home/farah/farah/dev_ws/install/sim_car:/home/farah/farah/dev_ws/install/serial_motor:/home/farah/farah/dev_ws/install/ros2_control_demo_example_2:/home/farah/farah/dev_ws/install/ros2_control_demo_example_11:/home/farah/farah/dev_ws/install/ros2_control_demo_description:/home/farah/farah/dev_ws/install/race_it:/home/farah/farah/dev_ws/install/nav2_line_following_controller:/home/farah/farah/dev_ws/install/articubot_one:/opt/ros/humble /usr/bin/cmake --build /home/farah/farah/GP_Repo/Autonomous-RC-Car/build/ros2_control_demo_description -- -j8 -l8
[1.168s] Invoked command in '/home/farah/farah/GP_Repo/Autonomous-RC-Car/build/ros2_control_demo_description' returned '0': CMAKE_PREFIX_PATH=/home/farah/farah/dev_ws/install/zinger_description:/home/farah/farah/dev_ws/install/temp_teleop:/home/farah/farah/dev_ws/install/sim_car:/home/farah/farah/dev_ws/install/serial_motor:/home/farah/farah/dev_ws/install/ros2_control_demo_example_2:/home/farah/farah/dev_ws/install/ros2_control_demo_example_11:/home/farah/farah/dev_ws/install/ros2_control_demo_description:/home/farah/farah/dev_ws/install/race_it:/home/farah/farah/dev_ws/install/nav2_line_following_controller:/home/farah/farah/dev_ws/install/articubot_one:/opt/ros/humble /usr/bin/cmake --build /home/farah/farah/GP_Repo/Autonomous-RC-Car/build/ros2_control_demo_description -- -j8 -l8
[1.225s] Invoking command in '/home/farah/farah/GP_Repo/Autonomous-RC-Car/build/ros2_control_demo_description': CMAKE_PREFIX_PATH=/home/farah/farah/dev_ws/install/zinger_description:/home/farah/farah/dev_ws/install/temp_teleop:/home/farah/farah/dev_ws/install/sim_car:/home/farah/farah/dev_ws/install/serial_motor:/home/farah/farah/dev_ws/install/ros2_control_demo_example_2:/home/farah/farah/dev_ws/install/ros2_control_demo_example_11:/home/farah/farah/dev_ws/install/ros2_control_demo_description:/home/farah/farah/dev_ws/install/race_it:/home/farah/farah/dev_ws/install/nav2_line_following_controller:/home/farah/farah/dev_ws/install/articubot_one:/opt/ros/humble /usr/bin/cmake --install /home/farah/farah/GP_Repo/Autonomous-RC-Car/build/ros2_control_demo_description
[1.236s] -- Install configuration: ""
[1.236s] -- Installing: /home/farah/farah/GP_Repo/Autonomous-RC-Car/install/ros2_control_demo_description/share/ros2_control_demo_description/rrbot/urdf
[1.236s] -- Installing: /home/farah/farah/GP_Repo/Autonomous-RC-Car/install/ros2_control_demo_description/share/ros2_control_demo_description/rrbot/urdf/rrbot_description.urdf.xacro
[1.237s] -- Installing: /home/farah/farah/GP_Repo/Autonomous-RC-Car/install/ros2_control_demo_description/share/ros2_control_demo_description/rrbot/urdf/rrbot.materials.xacro
[1.237s] -- Installing: /home/farah/farah/GP_Repo/Autonomous-RC-Car/install/ros2_control_demo_description/share/ros2_control_demo_description/rrbot/rviz
[1.239s] -- Installing: /home/farah/farah/GP_Repo/Autonomous-RC-Car/install/ros2_control_demo_description/share/ros2_control_demo_description/rrbot/rviz/rrbot.rviz
[1.239s] -- Installing: /home/farah/farah/GP_Repo/Autonomous-RC-Car/install/ros2_control_demo_description/share/ros2_control_demo_description/diffbot/urdf
[1.239s] -- Installing: /home/farah/farah/GP_Repo/Autonomous-RC-Car/install/ros2_control_demo_description/share/ros2_control_demo_description/diffbot/urdf/diffbot.materials.xacro
[1.240s] -- Installing: /home/farah/farah/GP_Repo/Autonomous-RC-Car/install/ros2_control_demo_description/share/ros2_control_demo_description/diffbot/urdf/diffbot_description.urdf.xacro
[1.240s] -- Installing: /home/farah/farah/GP_Repo/Autonomous-RC-Car/install/ros2_control_demo_description/share/ros2_control_demo_description/diffbot/rviz
[1.240s] -- Installing: /home/farah/farah/GP_Repo/Autonomous-RC-Car/install/ros2_control_demo_description/share/ros2_control_demo_description/diffbot/rviz/diffbot_view.rviz
[1.240s] -- Installing: /home/farah/farah/GP_Repo/Autonomous-RC-Car/install/ros2_control_demo_description/share/ros2_control_demo_description/diffbot/rviz/diffbot.rviz
[1.242s] -- Installing: /home/farah/farah/GP_Repo/Autonomous-RC-Car/install/ros2_control_demo_description/share/ros2_control_demo_description/carlikebot/urdf
[1.244s] -- Installing: /home/farah/farah/GP_Repo/Autonomous-RC-Car/install/ros2_control_demo_description/share/ros2_control_demo_description/carlikebot/urdf/carlikebot.materials.xacro
[1.244s] -- Installing: /home/farah/farah/GP_Repo/Autonomous-RC-Car/install/ros2_control_demo_description/share/ros2_control_demo_description/carlikebot/urdf/carlikebot_description.urdf.xacro
[1.244s] -- Installing: /home/farah/farah/GP_Repo/Autonomous-RC-Car/install/ros2_control_demo_description/share/ros2_control_demo_description/carlikebot/rviz
[1.244s] -- Installing: /home/farah/farah/GP_Repo/Autonomous-RC-Car/install/ros2_control_demo_description/share/ros2_control_demo_description/carlikebot/rviz/carlikebot_view.rviz
[1.244s] -- Installing: /home/farah/farah/GP_Repo/Autonomous-RC-Car/install/ros2_control_demo_description/share/ros2_control_demo_description/carlikebot/rviz/carlikebot.rviz
[1.244s] -- Installing: /home/farah/farah/GP_Repo/Autonomous-RC-Car/install/ros2_control_demo_description/share/ros2_control_demo_description/r6bot/meshes
[1.245s] -- Installing: /home/farah/farah/GP_Repo/Autonomous-RC-Car/install/ros2_control_demo_description/share/ros2_control_demo_description/r6bot/meshes/visual
[1.245s] -- Installing: /home/farah/farah/GP_Repo/Autonomous-RC-Car/install/ros2_control_demo_description/share/ros2_control_demo_description/r6bot/meshes/visual/link_5.dae
[1.247s] -- Installing: /home/farah/farah/GP_Repo/Autonomous-RC-Car/install/ros2_control_demo_description/share/ros2_control_demo_description/r6bot/meshes/visual/link_4.dae
[1.248s] -- Installing: /home/farah/farah/GP_Repo/Autonomous-RC-Car/install/ros2_control_demo_description/share/ros2_control_demo_description/r6bot/meshes/visual/link_0.dae
[1.251s] -- Installing: /home/farah/farah/GP_Repo/Autonomous-RC-Car/install/ros2_control_demo_description/share/ros2_control_demo_description/r6bot/meshes/visual/link_1.dae
[1.251s] -- Installing: /home/farah/farah/GP_Repo/Autonomous-RC-Car/install/ros2_control_demo_description/share/ros2_control_demo_description/r6bot/meshes/visual/link_2.dae
[1.259s] -- Installing: /home/farah/farah/GP_Repo/Autonomous-RC-Car/install/ros2_control_demo_description/share/ros2_control_demo_description/r6bot/meshes/visual/link_3.dae
[1.261s] -- Installing: /home/farah/farah/GP_Repo/Autonomous-RC-Car/install/ros2_control_demo_description/share/ros2_control_demo_description/r6bot/meshes/visual/link_6.dae
[1.263s] -- Installing: /home/farah/farah/GP_Repo/Autonomous-RC-Car/install/ros2_control_demo_description/share/ros2_control_demo_description/r6bot/meshes/collision
[1.263s] -- Installing: /home/farah/farah/GP_Repo/Autonomous-RC-Car/install/ros2_control_demo_description/share/ros2_control_demo_description/r6bot/meshes/collision/link_2.stl
[1.265s] -- Installing: /home/farah/farah/GP_Repo/Autonomous-RC-Car/install/ros2_control_demo_description/share/ros2_control_demo_description/r6bot/meshes/collision/link_5.stl
[1.267s] -- Installing: /home/farah/farah/GP_Repo/Autonomous-RC-Car/install/ros2_control_demo_description/share/ros2_control_demo_description/r6bot/meshes/collision/link_3.stl
[1.270s] -- Installing: /home/farah/farah/GP_Repo/Autonomous-RC-Car/install/ros2_control_demo_description/share/ros2_control_demo_description/r6bot/meshes/collision/link_4.stl
[1.271s] -- Installing: /home/farah/farah/GP_Repo/Autonomous-RC-Car/install/ros2_control_demo_description/share/ros2_control_demo_description/r6bot/meshes/collision/link_6.stl
[1.275s] -- Installing: /home/farah/farah/GP_Repo/Autonomous-RC-Car/install/ros2_control_demo_description/share/ros2_control_demo_description/r6bot/meshes/collision/link_1.stl
[1.275s] -- Installing: /home/farah/farah/GP_Repo/Autonomous-RC-Car/install/ros2_control_demo_description/share/ros2_control_demo_description/r6bot/meshes/collision/link_0.stl
[1.276s] -- Installing: /home/farah/farah/GP_Repo/Autonomous-RC-Car/install/ros2_control_demo_description/share/ros2_control_demo_description/r6bot/srdf
[1.276s] -- Installing: /home/farah/farah/GP_Repo/Autonomous-RC-Car/install/ros2_control_demo_description/share/ros2_control_demo_description/r6bot/srdf/r6bot.srdf
[1.277s] -- Installing: /home/farah/farah/GP_Repo/Autonomous-RC-Car/install/ros2_control_demo_description/share/ros2_control_demo_description/r6bot/urdf
[1.277s] -- Installing: /home/farah/farah/GP_Repo/Autonomous-RC-Car/install/ros2_control_demo_description/share/ros2_control_demo_description/r6bot/urdf/r6bot_description.urdf.xacro
[1.279s] -- Installing: /home/farah/farah/GP_Repo/Autonomous-RC-Car/install/ros2_control_demo_description/share/ros2_control_demo_description/r6bot/urdf/inc
[1.279s] -- Installing: /home/farah/farah/GP_Repo/Autonomous-RC-Car/install/ros2_control_demo_description/share/ros2_control_demo_description/r6bot/urdf/inc/create_link.xacro
[1.279s] -- Installing: /home/farah/farah/GP_Repo/Autonomous-RC-Car/install/ros2_control_demo_description/share/ros2_control_demo_description/r6bot/rviz
[1.279s] -- Installing: /home/farah/farah/GP_Repo/Autonomous-RC-Car/install/ros2_control_demo_description/share/ros2_control_demo_description/r6bot/rviz/view_robot.rviz
[1.279s] -- Installing: /home/farah/farah/GP_Repo/Autonomous-RC-Car/install/ros2_control_demo_description/share/ament_index/resource_index/package_run_dependencies/ros2_control_demo_description
[1.280s] -- Installing: /home/farah/farah/GP_Repo/Autonomous-RC-Car/install/ros2_control_demo_description/share/ament_index/resource_index/parent_prefix_path/ros2_control_demo_description
[1.280s] -- Installing: /home/farah/farah/GP_Repo/Autonomous-RC-Car/install/ros2_control_demo_description/share/ros2_control_demo_description/environment/ament_prefix_path.sh
[1.280s] -- Installing: /home/farah/farah/GP_Repo/Autonomous-RC-Car/install/ros2_control_demo_description/share/ros2_control_demo_description/environment/ament_prefix_path.dsv
[1.280s] -- Installing: /home/farah/farah/GP_Repo/Autonomous-RC-Car/install/ros2_control_demo_description/share/ros2_control_demo_description/environment/path.sh
[1.280s] -- Installing: /home/farah/farah/GP_Repo/Autonomous-RC-Car/install/ros2_control_demo_description/share/ros2_control_demo_description/environment/path.dsv
[1.280s] -- Installing: /home/farah/farah/GP_Repo/Autonomous-RC-Car/install/ros2_control_demo_description/share/ros2_control_demo_description/local_setup.bash
[1.281s] -- Installing: /home/farah/farah/GP_Repo/Autonomous-RC-Car/install/ros2_control_demo_description/share/ros2_control_demo_description/local_setup.sh
[1.281s] -- Installing: /home/farah/farah/GP_Repo/Autonomous-RC-Car/install/ros2_control_demo_description/share/ros2_control_demo_description/local_setup.zsh
[1.281s] -- Installing: /home/farah/farah/GP_Repo/Autonomous-RC-Car/install/ros2_control_demo_description/share/ros2_control_demo_description/local_setup.dsv
[1.281s] -- Installing: /home/farah/farah/GP_Repo/Autonomous-RC-Car/install/ros2_control_demo_description/share/ros2_control_demo_description/package.dsv
[1.281s] -- Installing: /home/farah/farah/GP_Repo/Autonomous-RC-Car/install/ros2_control_demo_description/share/ament_index/resource_index/packages/ros2_control_demo_description
[1.281s] -- Installing: /home/farah/farah/GP_Repo/Autonomous-RC-Car/install/ros2_control_demo_description/share/ros2_control_demo_description/cmake/ros2_control_demo_descriptionConfig.cmake
[1.281s] -- Installing: /home/farah/farah/GP_Repo/Autonomous-RC-Car/install/ros2_control_demo_description/share/ros2_control_demo_description/cmake/ros2_control_demo_descriptionConfig-version.cmake
[1.281s] -- Installing: /home/farah/farah/GP_Repo/Autonomous-RC-Car/install/ros2_control_demo_description/share/ros2_control_demo_description/package.xml
[1.287s] Invoked command in '/home/farah/farah/GP_Repo/Autonomous-RC-Car/build/ros2_control_demo_description' returned '0': CMAKE_PREFIX_PATH=/home/farah/farah/dev_ws/install/zinger_description:/home/farah/farah/dev_ws/install/temp_teleop:/home/farah/farah/dev_ws/install/sim_car:/home/farah/farah/dev_ws/install/serial_motor:/home/farah/farah/dev_ws/install/ros2_control_demo_example_2:/home/farah/farah/dev_ws/install/ros2_control_demo_example_11:/home/farah/farah/dev_ws/install/ros2_control_demo_description:/home/farah/farah/dev_ws/install/race_it:/home/farah/farah/dev_ws/install/nav2_line_following_controller:/home/farah/farah/dev_ws/install/articubot_one:/opt/ros/humble /usr/bin/cmake --install /home/farah/farah/GP_Repo/Autonomous-RC-Car/build/ros2_control_demo_description
