running develop
running egg_info
creating teleop_serial.egg-info
writing teleop_serial.egg-info/PKG-INFO
writing dependency_links to teleop_serial.egg-info/dependency_links.txt
writing entry points to teleop_serial.egg-info/entry_points.txt
writing requirements to teleop_serial.egg-info/requires.txt
writing top-level names to teleop_serial.egg-info/top_level.txt
writing manifest file 'teleop_serial.egg-info/SOURCES.txt'
reading manifest file 'teleop_serial.egg-info/SOURCES.txt'
writing manifest file 'teleop_serial.egg-info/SOURCES.txt'
running build_ext
Creating /home/pi/serial_ws/install/teleop_serial/lib/python3.8/site-packages/site.py
Creating /home/pi/serial_ws/install/teleop_serial/lib/python3.8/site-packages/teleop-serial.egg-link (link to .)
Installing teleop_serial script to /home/pi/serial_ws/install/teleop_serial/lib/teleop_serial

Installed /home/pi/serial_ws/build/teleop_serial
running symlink_data
creating /home/pi/serial_ws/install/teleop_serial/share/ament_index
creating /home/pi/serial_ws/install/teleop_serial/share/ament_index/resource_index
creating /home/pi/serial_ws/install/teleop_serial/share/ament_index/resource_index/packages
symbolically linking /home/pi/serial_ws/build/teleop_serial/resource/teleop_serial -> /home/pi/serial_ws/install/teleop_serial/share/ament_index/resource_index/packages
symbolically linking /home/pi/serial_ws/build/teleop_serial/package.xml -> /home/pi/serial_ws/install/teleop_serial/share/teleop_serial
