[2.415s] Invoking command in '/home/pi/serial_ws/build/teleop_serial': PYTHONPATH=/home/pi/serial_ws/build/teleop_serial/prefix_override:/usr/lib/python3/dist-packages/colcon_core/task/python/colcon_distutils_commands:/home/pi/serial_ws/install/teleop_serial/lib/python3.8/site-packages:${PYTHONPATH} /usr/bin/python3 -W ignore:setup.py install is deprecated -W ignore:easy_install command is deprecated setup.py develop --uninstall --editable --build-directory /home/pi/serial_ws/build/teleop_serial/build
[3.309s] running develop
[3.810s] Removing /home/pi/serial_ws/install/teleop_serial/lib/python3.8/site-packages/teleop-serial.egg-link (link to .)
[3.901s] Invoked command in '/home/pi/serial_ws/build/teleop_serial' returned '0': PYTHONPATH=/home/pi/serial_ws/build/teleop_serial/prefix_override:/usr/lib/python3/dist-packages/colcon_core/task/python/colcon_distutils_commands:/home/pi/serial_ws/install/teleop_serial/lib/python3.8/site-packages:${PYTHONPATH} /usr/bin/python3 -W ignore:setup.py install is deprecated -W ignore:easy_install command is deprecated setup.py develop --uninstall --editable --build-directory /home/pi/serial_ws/build/teleop_serial/build
[3.910s] Invoking command in '/home/pi/serial_ws/src/teleop_serial': PYTHONPATH=/home/pi/serial_ws/build/teleop_serial/prefix_override:/usr/lib/python3/dist-packages/colcon_core/task/python/colcon_distutils_commands:/home/pi/serial_ws/install/teleop_serial/lib/python3.8/site-packages:${PYTHONPATH} /usr/bin/python3 -W ignore:setup.py install is deprecated -W ignore:easy_install command is deprecated setup.py egg_info --egg-base ../../build/teleop_serial build --build-base /home/pi/serial_ws/build/teleop_serial/build install --record /home/pi/serial_ws/build/teleop_serial/install.log --install-scripts $base/lib/teleop_serial --single-version-externally-managed install_data --force
[4.728s] running egg_info
[4.730s] writing ../../build/teleop_serial/teleop_serial.egg-info/PKG-INFO
[4.731s] writing dependency_links to ../../build/teleop_serial/teleop_serial.egg-info/dependency_links.txt
[4.732s] writing entry points to ../../build/teleop_serial/teleop_serial.egg-info/entry_points.txt
[4.733s] writing requirements to ../../build/teleop_serial/teleop_serial.egg-info/requires.txt
[4.733s] writing top-level names to ../../build/teleop_serial/teleop_serial.egg-info/top_level.txt
[4.857s] reading manifest file '../../build/teleop_serial/teleop_serial.egg-info/SOURCES.txt'
[4.860s] writing manifest file '../../build/teleop_serial/teleop_serial.egg-info/SOURCES.txt'
[4.861s] running build
[4.861s] running build_py
[4.862s] creating /home/pi/serial_ws/build/teleop_serial/build
[4.862s] creating /home/pi/serial_ws/build/teleop_serial/build/lib
[4.862s] creating /home/pi/serial_ws/build/teleop_serial/build/lib/teleop_serial
[4.863s] copying teleop_serial/teleop_serial.py -> /home/pi/serial_ws/build/teleop_serial/build/lib/teleop_serial
[4.863s] copying teleop_serial/__init__.py -> /home/pi/serial_ws/build/teleop_serial/build/lib/teleop_serial
[4.863s] running install
[4.866s] running install_lib
[4.870s] creating /home/pi/serial_ws/install/teleop_serial/lib/python3.8/site-packages/teleop_serial
[4.870s] copying /home/pi/serial_ws/build/teleop_serial/build/lib/teleop_serial/teleop_serial.py -> /home/pi/serial_ws/install/teleop_serial/lib/python3.8/site-packages/teleop_serial
[4.871s] copying /home/pi/serial_ws/build/teleop_serial/build/lib/teleop_serial/__init__.py -> /home/pi/serial_ws/install/teleop_serial/lib/python3.8/site-packages/teleop_serial
[4.873s] byte-compiling /home/pi/serial_ws/install/teleop_serial/lib/python3.8/site-packages/teleop_serial/teleop_serial.py to teleop_serial.cpython-38.pyc
[4.878s] byte-compiling /home/pi/serial_ws/install/teleop_serial/lib/python3.8/site-packages/teleop_serial/__init__.py to __init__.cpython-38.pyc
[4.879s] running install_data
[4.880s] copying resource/teleop_serial -> /home/pi/serial_ws/install/teleop_serial/share/ament_index/resource_index/packages
[4.880s] copying package.xml -> /home/pi/serial_ws/install/teleop_serial/share/teleop_serial
[4.881s] running install_egg_info
[4.887s] Copying ../../build/teleop_serial/teleop_serial.egg-info to /home/pi/serial_ws/install/teleop_serial/lib/python3.8/site-packages/teleop_serial-0.0.0-py3.8.egg-info
[4.891s] running install_scripts
[4.952s] Installing teleop_serial script to /home/pi/serial_ws/install/teleop_serial/lib/teleop_serial
[4.953s] writing list of installed files to '/home/pi/serial_ws/build/teleop_serial/install.log'
[5.046s] Invoked command in '/home/pi/serial_ws/src/teleop_serial' returned '0': PYTHONPATH=/home/pi/serial_ws/build/teleop_serial/prefix_override:/usr/lib/python3/dist-packages/colcon_core/task/python/colcon_distutils_commands:/home/pi/serial_ws/install/teleop_serial/lib/python3.8/site-packages:${PYTHONPATH} /usr/bin/python3 -W ignore:setup.py install is deprecated -W ignore:easy_install command is deprecated setup.py egg_info --egg-base ../../build/teleop_serial build --build-base /home/pi/serial_ws/build/teleop_serial/build install --record /home/pi/serial_ws/build/teleop_serial/install.log --install-scripts $base/lib/teleop_serial --single-version-externally-managed install_data --force
