[0.327s] Invoking command in '/home/farah/farah/GP_Repo/Autonomous-RC-Car/build/sim_car': CMAKE_PREFIX_PATH=/home/farah/farah/dev_ws/install/zinger_description:/home/farah/farah/dev_ws/install/temp_teleop:/home/farah/farah/dev_ws/install/sim_car:/home/farah/farah/dev_ws/install/serial_motor:/home/farah/farah/dev_ws/install/ros2_control_demo_example_2:/home/farah/farah/dev_ws/install/ros2_control_demo_example_11:/home/farah/farah/dev_ws/install/ros2_control_demo_description:/home/farah/farah/dev_ws/install/race_it:/home/farah/farah/dev_ws/install/nav2_line_following_controller:/home/farah/farah/dev_ws/install/articubot_one:/opt/ros/humble /usr/bin/cmake /home/farah/farah/GP_Repo/Autonomous-RC-Car/dev_ws/src/sim_car/car_description -DCMAKE_INSTALL_PREFIX=/home/farah/farah/GP_Repo/Autonomous-RC-Car/install/sim_car
[0.751s] -- The C compiler identification is GNU 11.4.0
[0.751s] -- The CXX compiler identification is GNU 11.4.0
[0.751s] -- Detecting C compiler ABI info
[0.751s] -- Detecting C compiler ABI info - done
[0.751s] -- Check for working C compiler: /usr/bin/cc - skipped
[0.751s] -- Detecting C compile features
[0.751s] -- Detecting C compile features - done
[0.752s] -- Detecting CXX compiler ABI info
[0.752s] -- Detecting CXX compiler ABI info - done
[0.752s] -- Check for working CXX compiler: /usr/bin/c++ - skipped
[0.752s] -- Detecting CXX compile features
[0.752s] -- Detecting CXX compile features - done
[0.752s] -- Found ament_cmake: 1.3.10 (/opt/ros/humble/share/ament_cmake/cmake)
[0.976s] -- Found Python3: /usr/bin/python3 (found version "3.10.12") found components: Interpreter 
[1.141s] -- Found rclcpp: 16.0.10 (/opt/ros/humble/share/rclcpp/cmake)
[1.215s] -- Found rosidl_generator_c: 3.1.5 (/opt/ros/humble/share/rosidl_generator_c/cmake)
[1.223s] -- Found rosidl_adapter: 3.1.5 (/opt/ros/humble/share/rosidl_adapter/cmake)
[1.237s] -- Found rosidl_generator_cpp: 3.1.5 (/opt/ros/humble/share/rosidl_generator_cpp/cmake)
[1.258s] -- Using all available rosidl_typesupport_c: rosidl_typesupport_fastrtps_c;rosidl_typesupport_introspection_c
[1.283s] -- Using all available rosidl_typesupport_cpp: rosidl_typesupport_fastrtps_cpp;rosidl_typesupport_introspection_cpp
[1.352s] -- Found rmw_implementation_cmake: 6.1.2 (/opt/ros/humble/share/rmw_implementation_cmake/cmake)
[1.358s] -- Found rmw_fastrtps_cpp: 6.2.7 (/opt/ros/humble/share/rmw_fastrtps_cpp/cmake)
[1.518s] -- Found OpenSSL: /usr/lib/x86_64-linux-gnu/libcrypto.so (found version "3.0.2")  
[1.568s] -- Found FastRTPS: /opt/ros/humble/include  
[1.625s] -- Using RMW implementation 'rmw_fastrtps_cpp' as default
[1.640s] -- Looking for pthread.h
[1.749s] -- Looking for pthread.h - found
[1.749s] -- Performing Test CMAKE_HAVE_LIBC_PTHREAD
[1.862s] -- Performing Test CMAKE_HAVE_LIBC_PTHREAD - Success
[1.864s] -- Found Threads: TRUE  
[1.972s] -- Found rclpy: 3.3.14 (/opt/ros/humble/share/rclpy/cmake)
[1.975s] -- Found ament_lint_auto: 0.12.11 (/opt/ros/humble/share/ament_lint_auto/cmake)
[2.108s] -- Added test 'flake8' to check Python code syntax and style conventions
[2.109s] -- Added test 'lint_cmake' to check CMake code style
[2.110s] -- Added test 'pep257' to check Python code against some of the docstring style conventions in PEP 257
[2.113s] -- Added test 'xmllint' to check XML markup files
[2.115s] -- Configuring done
[2.120s] -- Generating done
[2.123s] -- Build files have been written to: /home/farah/farah/GP_Repo/Autonomous-RC-Car/build/sim_car
[2.136s] Invoked command in '/home/farah/farah/GP_Repo/Autonomous-RC-Car/build/sim_car' returned '0': CMAKE_PREFIX_PATH=/home/farah/farah/dev_ws/install/zinger_description:/home/farah/farah/dev_ws/install/temp_teleop:/home/farah/farah/dev_ws/install/sim_car:/home/farah/farah/dev_ws/install/serial_motor:/home/farah/farah/dev_ws/install/ros2_control_demo_example_2:/home/farah/farah/dev_ws/install/ros2_control_demo_example_11:/home/farah/farah/dev_ws/install/ros2_control_demo_description:/home/farah/farah/dev_ws/install/race_it:/home/farah/farah/dev_ws/install/nav2_line_following_controller:/home/farah/farah/dev_ws/install/articubot_one:/opt/ros/humble /usr/bin/cmake /home/farah/farah/GP_Repo/Autonomous-RC-Car/dev_ws/src/sim_car/car_description -DCMAKE_INSTALL_PREFIX=/home/farah/farah/GP_Repo/Autonomous-RC-Car/install/sim_car
[2.138s] Invoking command in '/home/farah/farah/GP_Repo/Autonomous-RC-Car/build/sim_car': CMAKE_PREFIX_PATH=/home/farah/farah/dev_ws/install/zinger_description:/home/farah/farah/dev_ws/install/temp_teleop:/home/farah/farah/dev_ws/install/sim_car:/home/farah/farah/dev_ws/install/serial_motor:/home/farah/farah/dev_ws/install/ros2_control_demo_example_2:/home/farah/farah/dev_ws/install/ros2_control_demo_example_11:/home/farah/farah/dev_ws/install/ros2_control_demo_description:/home/farah/farah/dev_ws/install/race_it:/home/farah/farah/dev_ws/install/nav2_line_following_controller:/home/farah/farah/dev_ws/install/articubot_one:/opt/ros/humble /usr/bin/cmake --build /home/farah/farah/GP_Repo/Autonomous-RC-Car/build/sim_car -- -j8 -l8
[2.174s] Invoked command in '/home/farah/farah/GP_Repo/Autonomous-RC-Car/build/sim_car' returned '0': CMAKE_PREFIX_PATH=/home/farah/farah/dev_ws/install/zinger_description:/home/farah/farah/dev_ws/install/temp_teleop:/home/farah/farah/dev_ws/install/sim_car:/home/farah/farah/dev_ws/install/serial_motor:/home/farah/farah/dev_ws/install/ros2_control_demo_example_2:/home/farah/farah/dev_ws/install/ros2_control_demo_example_11:/home/farah/farah/dev_ws/install/ros2_control_demo_description:/home/farah/farah/dev_ws/install/race_it:/home/farah/farah/dev_ws/install/nav2_line_following_controller:/home/farah/farah/dev_ws/install/articubot_one:/opt/ros/humble /usr/bin/cmake --build /home/farah/farah/GP_Repo/Autonomous-RC-Car/build/sim_car -- -j8 -l8
[2.192s] Invoking command in '/home/farah/farah/GP_Repo/Autonomous-RC-Car/build/sim_car': CMAKE_PREFIX_PATH=/home/farah/farah/dev_ws/install/zinger_description:/home/farah/farah/dev_ws/install/temp_teleop:/home/farah/farah/dev_ws/install/sim_car:/home/farah/farah/dev_ws/install/serial_motor:/home/farah/farah/dev_ws/install/ros2_control_demo_example_2:/home/farah/farah/dev_ws/install/ros2_control_demo_example_11:/home/farah/farah/dev_ws/install/ros2_control_demo_description:/home/farah/farah/dev_ws/install/race_it:/home/farah/farah/dev_ws/install/nav2_line_following_controller:/home/farah/farah/dev_ws/install/articubot_one:/opt/ros/humble /usr/bin/cmake --install /home/farah/farah/GP_Repo/Autonomous-RC-Car/build/sim_car
[2.199s] -- Install configuration: ""
[2.199s] -- Installing: /home/farah/farah/GP_Repo/Autonomous-RC-Car/install/sim_car/lib/sim_car/convert_xacro.py
[2.199s] -- Installing: /home/farah/farah/GP_Repo/Autonomous-RC-Car/install/sim_car/lib/sim_car/spawn_bot.py
[2.199s] -- Installing: /home/farah/farah/GP_Repo/Autonomous-RC-Car/install/sim_car/lib/sim_car/sentry.py
[2.199s] -- Installing: /home/farah/farah/GP_Repo/Autonomous-RC-Car/install/sim_car/share/sim_car//launch
[2.200s] -- Installing: /home/farah/farah/GP_Repo/Autonomous-RC-Car/install/sim_car/share/sim_car//launch/all.launch.py
[2.200s] -- Installing: /home/farah/farah/GP_Repo/Autonomous-RC-Car/install/sim_car/share/sim_car//launch/blue_launch.py
[2.200s] -- Installing: /home/farah/farah/GP_Repo/Autonomous-RC-Car/install/sim_car/share/sim_car//launch/spawn_red_crash.launch.py
[2.200s] -- Installing: /home/farah/farah/GP_Repo/Autonomous-RC-Car/install/sim_car/share/sim_car//launch/bringup.launch2.py
[2.200s] -- Installing: /home/farah/farah/GP_Repo/Autonomous-RC-Car/install/sim_car/share/sim_car//launch/blue2.py
[2.201s] -- Installing: /home/farah/farah/GP_Repo/Autonomous-RC-Car/install/sim_car/share/sim_car//launch/bringup.launch.py
[2.201s] -- Installing: /home/farah/farah/GP_Repo/Autonomous-RC-Car/install/sim_car/share/sim_car//launch/spawn_world.launch.py
[2.201s] -- Installing: /home/farah/farah/GP_Repo/Autonomous-RC-Car/install/sim_car/share/sim_car//launch/spawn_car.launch.py
[2.201s] -- Installing: /home/farah/farah/GP_Repo/Autonomous-RC-Car/install/sim_car/share/sim_car//config
[2.201s] -- Installing: /home/farah/farah/GP_Repo/Autonomous-RC-Car/install/sim_car/share/sim_car//config/unused_blue_params.yaml
[2.202s] -- Installing: /home/farah/farah/GP_Repo/Autonomous-RC-Car/install/sim_car/share/sim_car//config/red-crash.rviz
[2.202s] -- Installing: /home/farah/farah/GP_Repo/Autonomous-RC-Car/install/sim_car/share/sim_car//config/teleop_twist_joy.yaml
[2.202s] -- Installing: /home/farah/farah/GP_Repo/Autonomous-RC-Car/install/sim_car/share/sim_car//config/nav2_params.yaml
[2.203s] -- Installing: /home/farah/farah/GP_Repo/Autonomous-RC-Car/install/sim_car/share/sim_car//robot
[2.203s] -- Installing: /home/farah/farah/GP_Repo/Autonomous-RC-Car/install/sim_car/share/sim_car//robot/car.urdf.xacro
[2.203s] -- Installing: /home/farah/farah/GP_Repo/Autonomous-RC-Car/install/sim_car/share/sim_car//robot/red_crash.urdf.xacro
[2.204s] -- Installing: /home/farah/farah/GP_Repo/Autonomous-RC-Car/install/sim_car/share/sim_car//worlds
[2.204s] -- Installing: /home/farah/farah/GP_Repo/Autonomous-RC-Car/install/sim_car/share/sim_car//worlds/empty.world
[2.204s] -- Installing: /home/farah/farah/GP_Repo/Autonomous-RC-Car/install/sim_car/share/sim_car//worlds/simple_world_maps
[2.204s] -- Installing: /home/farah/farah/GP_Repo/Autonomous-RC-Car/install/sim_car/share/sim_car//worlds/simple_world_maps/map_1669268298.yaml
[2.204s] -- Installing: /home/farah/farah/GP_Repo/Autonomous-RC-Car/install/sim_car/share/sim_car//worlds/simple_world_maps/map_1669312051.pgm
[2.205s] -- Installing: /home/farah/farah/GP_Repo/Autonomous-RC-Car/install/sim_car/share/sim_car//worlds/simple_world_maps/map_1669268298.pgm
[2.206s] -- Installing: /home/farah/farah/GP_Repo/Autonomous-RC-Car/install/sim_car/share/sim_car//worlds/simple_world_maps/map_1669312051.yaml
[2.206s] -- Installing: /home/farah/farah/GP_Repo/Autonomous-RC-Car/install/sim_car/share/sim_car//worlds/simple.world
[2.207s] -- Installing: /home/farah/farah/GP_Repo/Autonomous-RC-Car/install/sim_car/share/sim_car//scripts
[2.208s] -- Installing: /home/farah/farah/GP_Repo/Autonomous-RC-Car/install/sim_car/share/sim_car//scripts/spawn_bot.py
[2.208s] -- Installing: /home/farah/farah/GP_Repo/Autonomous-RC-Car/install/sim_car/share/sim_car//scripts/sentry.py
[2.208s] -- Installing: /home/farah/farah/GP_Repo/Autonomous-RC-Car/install/sim_car/share/sim_car//scripts/play.html
[2.208s] -- Installing: /home/farah/farah/GP_Repo/Autonomous-RC-Car/install/sim_car/share/sim_car//scripts/convert_xacro.py
[2.208s] -- Installing: /home/farah/farah/GP_Repo/Autonomous-RC-Car/install/sim_car/share/sim_car//params
[2.208s] -- Installing: /home/farah/farah/GP_Repo/Autonomous-RC-Car/install/sim_car/share/sim_car//params/intentionally_empty
[2.208s] -- Installing: /home/farah/farah/GP_Repo/Autonomous-RC-Car/install/sim_car/share/sim_car//behavior_trees
[2.208s] -- Installing: /home/farah/farah/GP_Repo/Autonomous-RC-Car/install/sim_car/share/sim_car//behavior_trees/navigate_w_replanning_time2.xml
[2.209s] -- Installing: /home/farah/farah/GP_Repo/Autonomous-RC-Car/install/sim_car/share/ament_index/resource_index/package_run_dependencies/sim_car
[2.209s] -- Installing: /home/farah/farah/GP_Repo/Autonomous-RC-Car/install/sim_car/share/ament_index/resource_index/parent_prefix_path/sim_car
[2.209s] -- Installing: /home/farah/farah/GP_Repo/Autonomous-RC-Car/install/sim_car/share/sim_car/environment/ament_prefix_path.sh
[2.209s] -- Installing: /home/farah/farah/GP_Repo/Autonomous-RC-Car/install/sim_car/share/sim_car/environment/ament_prefix_path.dsv
[2.209s] -- Installing: /home/farah/farah/GP_Repo/Autonomous-RC-Car/install/sim_car/share/sim_car/environment/path.sh
[2.209s] -- Installing: /home/farah/farah/GP_Repo/Autonomous-RC-Car/install/sim_car/share/sim_car/environment/path.dsv
[2.209s] -- Installing: /home/farah/farah/GP_Repo/Autonomous-RC-Car/install/sim_car/share/sim_car/local_setup.bash
[2.209s] -- Installing: /home/farah/farah/GP_Repo/Autonomous-RC-Car/install/sim_car/share/sim_car/local_setup.sh
[2.210s] -- Installing: /home/farah/farah/GP_Repo/Autonomous-RC-Car/install/sim_car/share/sim_car/local_setup.zsh
[2.210s] -- Installing: /home/farah/farah/GP_Repo/Autonomous-RC-Car/install/sim_car/share/sim_car/local_setup.dsv
[2.210s] -- Installing: /home/farah/farah/GP_Repo/Autonomous-RC-Car/install/sim_car/share/sim_car/package.dsv
[2.210s] -- Installing: /home/farah/farah/GP_Repo/Autonomous-RC-Car/install/sim_car/share/ament_index/resource_index/packages/sim_car
[2.210s] -- Installing: /home/farah/farah/GP_Repo/Autonomous-RC-Car/install/sim_car/share/sim_car/cmake/sim_carConfig.cmake
[2.210s] -- Installing: /home/farah/farah/GP_Repo/Autonomous-RC-Car/install/sim_car/share/sim_car/cmake/sim_carConfig-version.cmake
[2.210s] -- Installing: /home/farah/farah/GP_Repo/Autonomous-RC-Car/install/sim_car/share/sim_car/package.xml
[2.212s] Invoked command in '/home/farah/farah/GP_Repo/Autonomous-RC-Car/build/sim_car' returned '0': CMAKE_PREFIX_PATH=/home/farah/farah/dev_ws/install/zinger_description:/home/farah/farah/dev_ws/install/temp_teleop:/home/farah/farah/dev_ws/install/sim_car:/home/farah/farah/dev_ws/install/serial_motor:/home/farah/farah/dev_ws/install/ros2_control_demo_example_2:/home/farah/farah/dev_ws/install/ros2_control_demo_example_11:/home/farah/farah/dev_ws/install/ros2_control_demo_description:/home/farah/farah/dev_ws/install/race_it:/home/farah/farah/dev_ws/install/nav2_line_following_controller:/home/farah/farah/dev_ws/install/articubot_one:/opt/ros/humble /usr/bin/cmake --install /home/farah/farah/GP_Repo/Autonomous-RC-Car/build/sim_car
