[0.034s] Invoking command in '/home/farah/farah/GP_Repo/Autonomous-RC-Car/build/articubot_one': CMAKE_PREFIX_PATH=/home/farah/farah/dev_ws/install/zinger_description:/home/farah/farah/dev_ws/install/temp_teleop:/home/farah/farah/dev_ws/install/sim_car:/home/farah/farah/dev_ws/install/serial_motor:/home/farah/farah/dev_ws/install/ros2_control_demo_example_2:/home/farah/farah/dev_ws/install/ros2_control_demo_example_11:/home/farah/farah/dev_ws/install/ros2_control_demo_description:/home/farah/farah/dev_ws/install/race_it:/home/farah/farah/dev_ws/install/nav2_line_following_controller:/home/farah/farah/dev_ws/install/articubot_one:/opt/ros/humble /usr/bin/cmake /home/farah/farah/GP_Repo/Autonomous-RC-Car/dev_ws/src/articubot_one -DCMAKE_INSTALL_PREFIX=/home/farah/farah/GP_Repo/Autonomous-RC-Car/install/articubot_one
[0.762s] -- The C compiler identification is GNU 11.4.0
[0.763s] -- The CXX compiler identification is GNU 11.4.0
[0.763s] -- Detecting C compiler ABI info
[0.763s] -- Detecting C compiler ABI info - done
[0.763s] -- Check for working C compiler: /usr/bin/cc - skipped
[0.763s] -- Detecting C compile features
[0.763s] -- Detecting C compile features - done
[0.763s] -- Detecting CXX compiler ABI info
[0.763s] -- Detecting CXX compiler ABI info - done
[0.763s] -- Check for working CXX compiler: /usr/bin/c++ - skipped
[0.763s] -- Detecting CXX compile features
[0.763s] -- Detecting CXX compile features - done
[0.763s] -- Found ament_cmake: 1.3.10 (/opt/ros/humble/share/ament_cmake/cmake)
[0.806s] -- Found Python3: /usr/bin/python3 (found version "3.10.12") found components: Interpreter 
[0.980s] -- Found ament_lint_auto: 0.12.11 (/opt/ros/humble/share/ament_lint_auto/cmake)
[1.139s] -- Added test 'copyright' to check source files copyright and LICENSE
[1.145s] -- Added test 'flake8' to check Python code syntax and style conventions
[1.146s] -- Added test 'lint_cmake' to check CMake code style
[1.147s] -- Added test 'pep257' to check Python code against some of the docstring style conventions in PEP 257
[1.150s] -- Added test 'xmllint' to check XML markup files
[1.152s] -- Configuring done
[1.158s] -- Generating done
[1.159s] -- Build files have been written to: /home/farah/farah/GP_Repo/Autonomous-RC-Car/build/articubot_one
[1.170s] Invoked command in '/home/farah/farah/GP_Repo/Autonomous-RC-Car/build/articubot_one' returned '0': CMAKE_PREFIX_PATH=/home/farah/farah/dev_ws/install/zinger_description:/home/farah/farah/dev_ws/install/temp_teleop:/home/farah/farah/dev_ws/install/sim_car:/home/farah/farah/dev_ws/install/serial_motor:/home/farah/farah/dev_ws/install/ros2_control_demo_example_2:/home/farah/farah/dev_ws/install/ros2_control_demo_example_11:/home/farah/farah/dev_ws/install/ros2_control_demo_description:/home/farah/farah/dev_ws/install/race_it:/home/farah/farah/dev_ws/install/nav2_line_following_controller:/home/farah/farah/dev_ws/install/articubot_one:/opt/ros/humble /usr/bin/cmake /home/farah/farah/GP_Repo/Autonomous-RC-Car/dev_ws/src/articubot_one -DCMAKE_INSTALL_PREFIX=/home/farah/farah/GP_Repo/Autonomous-RC-Car/install/articubot_one
[1.174s] Invoking command in '/home/farah/farah/GP_Repo/Autonomous-RC-Car/build/articubot_one': CMAKE_PREFIX_PATH=/home/farah/farah/dev_ws/install/zinger_description:/home/farah/farah/dev_ws/install/temp_teleop:/home/farah/farah/dev_ws/install/sim_car:/home/farah/farah/dev_ws/install/serial_motor:/home/farah/farah/dev_ws/install/ros2_control_demo_example_2:/home/farah/farah/dev_ws/install/ros2_control_demo_example_11:/home/farah/farah/dev_ws/install/ros2_control_demo_description:/home/farah/farah/dev_ws/install/race_it:/home/farah/farah/dev_ws/install/nav2_line_following_controller:/home/farah/farah/dev_ws/install/articubot_one:/opt/ros/humble /usr/bin/cmake --build /home/farah/farah/GP_Repo/Autonomous-RC-Car/build/articubot_one -- -j8 -l8
[1.236s] Invoked command in '/home/farah/farah/GP_Repo/Autonomous-RC-Car/build/articubot_one' returned '0': CMAKE_PREFIX_PATH=/home/farah/farah/dev_ws/install/zinger_description:/home/farah/farah/dev_ws/install/temp_teleop:/home/farah/farah/dev_ws/install/sim_car:/home/farah/farah/dev_ws/install/serial_motor:/home/farah/farah/dev_ws/install/ros2_control_demo_example_2:/home/farah/farah/dev_ws/install/ros2_control_demo_example_11:/home/farah/farah/dev_ws/install/ros2_control_demo_description:/home/farah/farah/dev_ws/install/race_it:/home/farah/farah/dev_ws/install/nav2_line_following_controller:/home/farah/farah/dev_ws/install/articubot_one:/opt/ros/humble /usr/bin/cmake --build /home/farah/farah/GP_Repo/Autonomous-RC-Car/build/articubot_one -- -j8 -l8
[1.275s] Invoking command in '/home/farah/farah/GP_Repo/Autonomous-RC-Car/build/articubot_one': CMAKE_PREFIX_PATH=/home/farah/farah/dev_ws/install/zinger_description:/home/farah/farah/dev_ws/install/temp_teleop:/home/farah/farah/dev_ws/install/sim_car:/home/farah/farah/dev_ws/install/serial_motor:/home/farah/farah/dev_ws/install/ros2_control_demo_example_2:/home/farah/farah/dev_ws/install/ros2_control_demo_example_11:/home/farah/farah/dev_ws/install/ros2_control_demo_description:/home/farah/farah/dev_ws/install/race_it:/home/farah/farah/dev_ws/install/nav2_line_following_controller:/home/farah/farah/dev_ws/install/articubot_one:/opt/ros/humble /usr/bin/cmake --install /home/farah/farah/GP_Repo/Autonomous-RC-Car/build/articubot_one
[1.287s] -- Install configuration: ""
[1.287s] -- Installing: /home/farah/farah/GP_Repo/Autonomous-RC-Car/install/articubot_one/share/articubot_one/config
[1.287s] -- Installing: /home/farah/farah/GP_Repo/Autonomous-RC-Car/install/articubot_one/share/articubot_one/config/view_bot.rviz
[1.287s] -- Installing: /home/farah/farah/GP_Repo/Autonomous-RC-Car/install/articubot_one/share/articubot_one/config/map.rviz
[1.287s] -- Installing: /home/farah/farah/GP_Repo/Autonomous-RC-Car/install/articubot_one/share/articubot_one/config/ball_tracker_params_robot.yaml
[1.287s] -- Installing: /home/farah/farah/GP_Repo/Autonomous-RC-Car/install/articubot_one/share/articubot_one/config/gazebo_params.yaml
[1.287s] -- Installing: /home/farah/farah/GP_Repo/Autonomous-RC-Car/install/articubot_one/share/articubot_one/config/gaz_ros2_ctl_use_sim.yaml
[1.287s] -- Installing: /home/farah/farah/GP_Repo/Autonomous-RC-Car/install/articubot_one/share/articubot_one/config/my_controllers.yaml
[1.288s] -- Installing: /home/farah/farah/GP_Repo/Autonomous-RC-Car/install/articubot_one/share/articubot_one/config/drive_bot.rviz
[1.288s] -- Installing: /home/farah/farah/GP_Repo/Autonomous-RC-Car/install/articubot_one/share/articubot_one/config/nav2_params.yaml
[1.288s] -- Installing: /home/farah/farah/GP_Repo/Autonomous-RC-Car/install/articubot_one/share/articubot_one/config/main.rviz
[1.288s] -- Installing: /home/farah/farah/GP_Repo/Autonomous-RC-Car/install/articubot_one/share/articubot_one/config/ball_tracker_params_sim.yaml
[1.289s] -- Installing: /home/farah/farah/GP_Repo/Autonomous-RC-Car/install/articubot_one/share/articubot_one/config/joystick.yaml
[1.289s] -- Installing: /home/farah/farah/GP_Repo/Autonomous-RC-Car/install/articubot_one/share/articubot_one/config/twist_mux.yaml
[1.289s] -- Installing: /home/farah/farah/GP_Repo/Autonomous-RC-Car/install/articubot_one/share/articubot_one/config/mapper_params_online_async.yaml
[1.289s] -- Installing: /home/farah/farah/GP_Repo/Autonomous-RC-Car/install/articubot_one/share/articubot_one/config/empty.yaml
[1.289s] -- Installing: /home/farah/farah/GP_Repo/Autonomous-RC-Car/install/articubot_one/share/articubot_one/description
[1.289s] -- Installing: /home/farah/farah/GP_Repo/Autonomous-RC-Car/install/articubot_one/share/articubot_one/description/camera.xacro
[1.289s] -- Installing: /home/farah/farah/GP_Repo/Autonomous-RC-Car/install/articubot_one/share/articubot_one/description/robot.urdf.xacro
[1.289s] -- Installing: /home/farah/farah/GP_Repo/Autonomous-RC-Car/install/articubot_one/share/articubot_one/description/depth_camera.xacro
[1.290s] -- Installing: /home/farah/farah/GP_Repo/Autonomous-RC-Car/install/articubot_one/share/articubot_one/description/ros2_control.xacro
[1.290s] -- Installing: /home/farah/farah/GP_Repo/Autonomous-RC-Car/install/articubot_one/share/articubot_one/description/inertial_macros.xacro
[1.290s] -- Installing: /home/farah/farah/GP_Repo/Autonomous-RC-Car/install/articubot_one/share/articubot_one/description/face.xacro
[1.291s] -- Installing: /home/farah/farah/GP_Repo/Autonomous-RC-Car/install/articubot_one/share/articubot_one/description/robot_core_modified.xacro
[1.291s] -- Installing: /home/farah/farah/GP_Repo/Autonomous-RC-Car/install/articubot_one/share/articubot_one/description/robot_core.xacro
[1.291s] -- Installing: /home/farah/farah/GP_Repo/Autonomous-RC-Car/install/articubot_one/share/articubot_one/description/gazebo_control.xacro
[1.291s] -- Installing: /home/farah/farah/GP_Repo/Autonomous-RC-Car/install/articubot_one/share/articubot_one/description/lidar.xacro
[1.291s] -- Installing: /home/farah/farah/GP_Repo/Autonomous-RC-Car/install/articubot_one/share/articubot_one/launch
[1.291s] -- Installing: /home/farah/farah/GP_Repo/Autonomous-RC-Car/install/articubot_one/share/articubot_one/launch/navigation_launch.py
[1.292s] -- Installing: /home/farah/farah/GP_Repo/Autonomous-RC-Car/install/articubot_one/share/articubot_one/launch/rsp.launch.py
[1.292s] -- Installing: /home/farah/farah/GP_Repo/Autonomous-RC-Car/install/articubot_one/share/articubot_one/launch/rplidar.launch.py
[1.292s] -- Installing: /home/farah/farah/GP_Repo/Autonomous-RC-Car/install/articubot_one/share/articubot_one/launch/online_async_launch.py
[1.292s] -- Installing: /home/farah/farah/GP_Repo/Autonomous-RC-Car/install/articubot_one/share/articubot_one/launch/joystick.launch.py
[1.292s] -- Installing: /home/farah/farah/GP_Repo/Autonomous-RC-Car/install/articubot_one/share/articubot_one/launch/ball_tracker.launch.py
[1.292s] -- Installing: /home/farah/farah/GP_Repo/Autonomous-RC-Car/install/articubot_one/share/articubot_one/launch/launch_sim.launch.py
[1.293s] -- Installing: /home/farah/farah/GP_Repo/Autonomous-RC-Car/install/articubot_one/share/articubot_one/launch/camera.launch.py
[1.293s] -- Installing: /home/farah/farah/GP_Repo/Autonomous-RC-Car/install/articubot_one/share/articubot_one/launch/launch_robot.launch.py
[1.294s] -- Installing: /home/farah/farah/GP_Repo/Autonomous-RC-Car/install/articubot_one/share/articubot_one/launch/localization_launch.py
[1.294s] -- Installing: /home/farah/farah/GP_Repo/Autonomous-RC-Car/install/articubot_one/share/articubot_one/worlds
[1.295s] -- Installing: /home/farah/farah/GP_Repo/Autonomous-RC-Car/install/articubot_one/share/articubot_one/worlds/model.config
[1.296s] -- Installing: /home/farah/farah/GP_Repo/Autonomous-RC-Car/install/articubot_one/share/articubot_one/worlds/empty.world
[1.296s] -- Installing: /home/farah/farah/GP_Repo/Autonomous-RC-Car/install/articubot_one/share/articubot_one/worlds/obstacles.world
[1.296s] -- Installing: /home/farah/farah/GP_Repo/Autonomous-RC-Car/install/articubot_one/share/articubot_one/worlds/model.sdf
[1.296s] -- Installing: /home/farah/farah/GP_Repo/Autonomous-RC-Car/install/articubot_one/share/ament_index/resource_index/package_run_dependencies/articubot_one
[1.296s] -- Installing: /home/farah/farah/GP_Repo/Autonomous-RC-Car/install/articubot_one/share/ament_index/resource_index/parent_prefix_path/articubot_one
[1.296s] -- Installing: /home/farah/farah/GP_Repo/Autonomous-RC-Car/install/articubot_one/share/articubot_one/environment/ament_prefix_path.sh
[1.296s] -- Installing: /home/farah/farah/GP_Repo/Autonomous-RC-Car/install/articubot_one/share/articubot_one/environment/ament_prefix_path.dsv
[1.296s] -- Installing: /home/farah/farah/GP_Repo/Autonomous-RC-Car/install/articubot_one/share/articubot_one/environment/path.sh
[1.297s] -- Installing: /home/farah/farah/GP_Repo/Autonomous-RC-Car/install/articubot_one/share/articubot_one/environment/path.dsv
[1.297s] -- Installing: /home/farah/farah/GP_Repo/Autonomous-RC-Car/install/articubot_one/share/articubot_one/local_setup.bash
[1.297s] -- Installing: /home/farah/farah/GP_Repo/Autonomous-RC-Car/install/articubot_one/share/articubot_one/local_setup.sh
[1.297s] -- Installing: /home/farah/farah/GP_Repo/Autonomous-RC-Car/install/articubot_one/share/articubot_one/local_setup.zsh
[1.297s] -- Installing: /home/farah/farah/GP_Repo/Autonomous-RC-Car/install/articubot_one/share/articubot_one/local_setup.dsv
[1.297s] -- Installing: /home/farah/farah/GP_Repo/Autonomous-RC-Car/install/articubot_one/share/articubot_one/package.dsv
[1.297s] -- Installing: /home/farah/farah/GP_Repo/Autonomous-RC-Car/install/articubot_one/share/ament_index/resource_index/packages/articubot_one
[1.297s] -- Installing: /home/farah/farah/GP_Repo/Autonomous-RC-Car/install/articubot_one/share/articubot_one/cmake/articubot_oneConfig.cmake
[1.297s] -- Installing: /home/farah/farah/GP_Repo/Autonomous-RC-Car/install/articubot_one/share/articubot_one/cmake/articubot_oneConfig-version.cmake
[1.297s] -- Installing: /home/farah/farah/GP_Repo/Autonomous-RC-Car/install/articubot_one/share/articubot_one/package.xml
[1.318s] Invoked command in '/home/farah/farah/GP_Repo/Autonomous-RC-Car/build/articubot_one' returned '0': CMAKE_PREFIX_PATH=/home/farah/farah/dev_ws/install/zinger_description:/home/farah/farah/dev_ws/install/temp_teleop:/home/farah/farah/dev_ws/install/sim_car:/home/farah/farah/dev_ws/install/serial_motor:/home/farah/farah/dev_ws/install/ros2_control_demo_example_2:/home/farah/farah/dev_ws/install/ros2_control_demo_example_11:/home/farah/farah/dev_ws/install/ros2_control_demo_description:/home/farah/farah/dev_ws/install/race_it:/home/farah/farah/dev_ws/install/nav2_line_following_controller:/home/farah/farah/dev_ws/install/articubot_one:/opt/ros/humble /usr/bin/cmake --install /home/farah/farah/GP_Repo/Autonomous-RC-Car/build/articubot_one
