[0.039s] Invoking command in '/home/farah/farah/GP_Repo/Autonomous-RC-Car/build/ros2_control_demo_example_11': AMENT_PREFIX_PATH=/home/farah/farah/GP_Repo/Autonomous-RC-Car/install/ros2_control_demo_description:${AMENT_PREFIX_PATH} CMAKE_PREFIX_PATH=/home/farah/farah/GP_Repo/Autonomous-RC-Car/install/ros2_control_demo_description:/home/farah/farah/dev_ws/install/zinger_description:/home/farah/farah/dev_ws/install/temp_teleop:/home/farah/farah/dev_ws/install/sim_car:/home/farah/farah/dev_ws/install/serial_motor:/home/farah/farah/dev_ws/install/ros2_control_demo_example_2:/home/farah/farah/dev_ws/install/ros2_control_demo_example_11:/home/farah/farah/dev_ws/install/ros2_control_demo_description:/home/farah/farah/dev_ws/install/race_it:/home/farah/farah/dev_ws/install/nav2_line_following_controller:/home/farah/farah/dev_ws/install/articubot_one:/opt/ros/humble /usr/bin/cmake /home/farah/farah/GP_Repo/Autonomous-RC-Car/dev_ws/src/example_11 -DCMAKE_INSTALL_PREFIX=/home/farah/farah/GP_Repo/Autonomous-RC-Car/install/ros2_control_demo_example_11
[0.158s] -- The CXX compiler identification is GNU 11.4.0
[0.172s] -- Detecting CXX compiler ABI info
[0.290s] -- Detecting CXX compiler ABI info - done
[0.300s] -- Check for working CXX compiler: /usr/bin/c++ - skipped
[0.305s] -- Detecting CXX compile features
[0.306s] -- Detecting CXX compile features - done
[0.306s] -- Found ament_cmake: 1.3.10 (/opt/ros/humble/share/ament_cmake/cmake)
[0.564s] -- Found Python3: /usr/bin/python3 (found version "3.10.12") found components: Interpreter 
[0.704s] -- Found hardware_interface: 2.43.1 (/opt/ros/humble/share/hardware_interface/cmake)
[0.768s] -- Found rosidl_generator_c: 3.1.5 (/opt/ros/humble/share/rosidl_generator_c/cmake)
[0.775s] -- Found rosidl_adapter: 3.1.5 (/opt/ros/humble/share/rosidl_adapter/cmake)
[0.789s] -- Found rosidl_generator_cpp: 3.1.5 (/opt/ros/humble/share/rosidl_generator_cpp/cmake)
[0.808s] -- Using all available rosidl_typesupport_c: rosidl_typesupport_fastrtps_c;rosidl_typesupport_introspection_c
[0.826s] -- Using all available rosidl_typesupport_cpp: rosidl_typesupport_fastrtps_cpp;rosidl_typesupport_introspection_cpp
[1.053s] -- Found rmw_implementation_cmake: 6.1.2 (/opt/ros/humble/share/rmw_implementation_cmake/cmake)
[1.056s] -- Found rmw_fastrtps_cpp: 6.2.7 (/opt/ros/humble/share/rmw_fastrtps_cpp/cmake)
[1.082s] -- Found TinyXML2 via Config file: TinyXML2_DIR-NOTFOUND
[1.125s] -- Found OpenSSL: /usr/lib/x86_64-linux-gnu/libcrypto.so (found version "3.0.2")  
[1.127s] -- Found TinyXML2 via Config file: TinyXML2_DIR-NOTFOUND
[1.146s] -- Found FastRTPS: /opt/ros/humble/include  
[1.151s] -- Found TinyXML2 via Config file: TinyXML2_DIR-NOTFOUND
[1.162s] -- Found TinyXML2 via Config file: TinyXML2_DIR-NOTFOUND
[1.171s] -- Using RMW implementation 'rmw_fastrtps_cpp' as default
[1.180s] -- Looking for C++ include pthread.h
[1.255s] -- Looking for C++ include pthread.h - found
[1.255s] -- Performing Test CMAKE_HAVE_LIBC_PTHREAD
[1.331s] -- Performing Test CMAKE_HAVE_LIBC_PTHREAD - Success
[1.332s] -- Found Threads: TRUE  
[1.388s] -- Found ament_cmake_pytest: 1.3.10 (/opt/ros/humble/share/ament_cmake_pytest/cmake)
[2.508s] -- Configuring done
[2.548s] -- Generating done
[2.548s] -- Build files have been written to: /home/farah/farah/GP_Repo/Autonomous-RC-Car/build/ros2_control_demo_example_11
[2.566s] Invoked command in '/home/farah/farah/GP_Repo/Autonomous-RC-Car/build/ros2_control_demo_example_11' returned '0': AMENT_PREFIX_PATH=/home/farah/farah/GP_Repo/Autonomous-RC-Car/install/ros2_control_demo_description:${AMENT_PREFIX_PATH} CMAKE_PREFIX_PATH=/home/farah/farah/GP_Repo/Autonomous-RC-Car/install/ros2_control_demo_description:/home/farah/farah/dev_ws/install/zinger_description:/home/farah/farah/dev_ws/install/temp_teleop:/home/farah/farah/dev_ws/install/sim_car:/home/farah/farah/dev_ws/install/serial_motor:/home/farah/farah/dev_ws/install/ros2_control_demo_example_2:/home/farah/farah/dev_ws/install/ros2_control_demo_example_11:/home/farah/farah/dev_ws/install/ros2_control_demo_description:/home/farah/farah/dev_ws/install/race_it:/home/farah/farah/dev_ws/install/nav2_line_following_controller:/home/farah/farah/dev_ws/install/articubot_one:/opt/ros/humble /usr/bin/cmake /home/farah/farah/GP_Repo/Autonomous-RC-Car/dev_ws/src/example_11 -DCMAKE_INSTALL_PREFIX=/home/farah/farah/GP_Repo/Autonomous-RC-Car/install/ros2_control_demo_example_11
[2.568s] Invoking command in '/home/farah/farah/GP_Repo/Autonomous-RC-Car/build/ros2_control_demo_example_11': AMENT_PREFIX_PATH=/home/farah/farah/GP_Repo/Autonomous-RC-Car/install/ros2_control_demo_description:${AMENT_PREFIX_PATH} CMAKE_PREFIX_PATH=/home/farah/farah/GP_Repo/Autonomous-RC-Car/install/ros2_control_demo_description:/home/farah/farah/dev_ws/install/zinger_description:/home/farah/farah/dev_ws/install/temp_teleop:/home/farah/farah/dev_ws/install/sim_car:/home/farah/farah/dev_ws/install/serial_motor:/home/farah/farah/dev_ws/install/ros2_control_demo_example_2:/home/farah/farah/dev_ws/install/ros2_control_demo_example_11:/home/farah/farah/dev_ws/install/ros2_control_demo_description:/home/farah/farah/dev_ws/install/race_it:/home/farah/farah/dev_ws/install/nav2_line_following_controller:/home/farah/farah/dev_ws/install/articubot_one:/opt/ros/humble /usr/bin/cmake --build /home/farah/farah/GP_Repo/Autonomous-RC-Car/build/ros2_control_demo_example_11 -- -j8 -l8
[2.642s] [ 50%] [32mBuilding CXX object CMakeFiles/ros2_control_demo_example_11.dir/hardware/carlikebot_system.cpp.o[0m
[7.420s] [100%] [32m[1mLinking CXX shared library libros2_control_demo_example_11.so[0m
[7.598s] [100%] Built target ros2_control_demo_example_11
[7.609s] Invoked command in '/home/farah/farah/GP_Repo/Autonomous-RC-Car/build/ros2_control_demo_example_11' returned '0': AMENT_PREFIX_PATH=/home/farah/farah/GP_Repo/Autonomous-RC-Car/install/ros2_control_demo_description:${AMENT_PREFIX_PATH} CMAKE_PREFIX_PATH=/home/farah/farah/GP_Repo/Autonomous-RC-Car/install/ros2_control_demo_description:/home/farah/farah/dev_ws/install/zinger_description:/home/farah/farah/dev_ws/install/temp_teleop:/home/farah/farah/dev_ws/install/sim_car:/home/farah/farah/dev_ws/install/serial_motor:/home/farah/farah/dev_ws/install/ros2_control_demo_example_2:/home/farah/farah/dev_ws/install/ros2_control_demo_example_11:/home/farah/farah/dev_ws/install/ros2_control_demo_description:/home/farah/farah/dev_ws/install/race_it:/home/farah/farah/dev_ws/install/nav2_line_following_controller:/home/farah/farah/dev_ws/install/articubot_one:/opt/ros/humble /usr/bin/cmake --build /home/farah/farah/GP_Repo/Autonomous-RC-Car/build/ros2_control_demo_example_11 -- -j8 -l8
[7.630s] Invoking command in '/home/farah/farah/GP_Repo/Autonomous-RC-Car/build/ros2_control_demo_example_11': AMENT_PREFIX_PATH=/home/farah/farah/GP_Repo/Autonomous-RC-Car/install/ros2_control_demo_description:${AMENT_PREFIX_PATH} CMAKE_PREFIX_PATH=/home/farah/farah/GP_Repo/Autonomous-RC-Car/install/ros2_control_demo_description:/home/farah/farah/dev_ws/install/zinger_description:/home/farah/farah/dev_ws/install/temp_teleop:/home/farah/farah/dev_ws/install/sim_car:/home/farah/farah/dev_ws/install/serial_motor:/home/farah/farah/dev_ws/install/ros2_control_demo_example_2:/home/farah/farah/dev_ws/install/ros2_control_demo_example_11:/home/farah/farah/dev_ws/install/ros2_control_demo_description:/home/farah/farah/dev_ws/install/race_it:/home/farah/farah/dev_ws/install/nav2_line_following_controller:/home/farah/farah/dev_ws/install/articubot_one:/opt/ros/humble /usr/bin/cmake --install /home/farah/farah/GP_Repo/Autonomous-RC-Car/build/ros2_control_demo_example_11
[7.638s] -- Install configuration: ""
[7.638s] -- Installing: /home/farah/farah/GP_Repo/Autonomous-RC-Car/install/ros2_control_demo_example_11/share/ros2_control_demo_example_11/ros2_control_demo_example_11.xml
[7.638s] -- Installing: /home/farah/farah/GP_Repo/Autonomous-RC-Car/install/ros2_control_demo_example_11/include/ros2_control_demo_example_11
[7.638s] -- Installing: /home/farah/farah/GP_Repo/Autonomous-RC-Car/install/ros2_control_demo_example_11/include/ros2_control_demo_example_11/ros2_control_demo_example_11
[7.638s] -- Installing: /home/farah/farah/GP_Repo/Autonomous-RC-Car/install/ros2_control_demo_example_11/include/ros2_control_demo_example_11/ros2_control_demo_example_11/carlikebot_system.hpp
[7.638s] -- Installing: /home/farah/farah/GP_Repo/Autonomous-RC-Car/install/ros2_control_demo_example_11/include/ros2_control_demo_example_11/ros2_control_demo_example_11/visibility_control.h
[7.638s] -- Installing: /home/farah/farah/GP_Repo/Autonomous-RC-Car/install/ros2_control_demo_example_11/share/ros2_control_demo_example_11/launch
[7.638s] -- Installing: /home/farah/farah/GP_Repo/Autonomous-RC-Car/install/ros2_control_demo_example_11/share/ros2_control_demo_example_11/launch/view_robot.launch.py
[7.639s] -- Installing: /home/farah/farah/GP_Repo/Autonomous-RC-Car/install/ros2_control_demo_example_11/share/ros2_control_demo_example_11/ros2_control
[7.639s] -- Installing: /home/farah/farah/GP_Repo/Autonomous-RC-Car/install/ros2_control_demo_example_11/share/ros2_control_demo_example_11/ros2_control/carlikebot.ros2_control.xacro
[7.639s] -- Installing: /home/farah/farah/GP_Repo/Autonomous-RC-Car/install/ros2_control_demo_example_11/share/ros2_control_demo_example_11/urdf
[7.639s] -- Installing: /home/farah/farah/GP_Repo/Autonomous-RC-Car/install/ros2_control_demo_example_11/share/ros2_control_demo_example_11/urdf/carlikebot.urdf.xacro
[7.640s] -- Up-to-date: /home/farah/farah/GP_Repo/Autonomous-RC-Car/install/ros2_control_demo_example_11/share/ros2_control_demo_example_11/launch
[7.640s] -- Installing: /home/farah/farah/GP_Repo/Autonomous-RC-Car/install/ros2_control_demo_example_11/share/ros2_control_demo_example_11/launch/carlikebot.launch.py
[7.640s] -- Installing: /home/farah/farah/GP_Repo/Autonomous-RC-Car/install/ros2_control_demo_example_11/share/ros2_control_demo_example_11/config
[7.641s] -- Installing: /home/farah/farah/GP_Repo/Autonomous-RC-Car/install/ros2_control_demo_example_11/share/ros2_control_demo_example_11/config/carlikebot_controllers.yaml
[7.641s] -- Installing: /home/farah/farah/GP_Repo/Autonomous-RC-Car/install/ros2_control_demo_example_11/lib/libros2_control_demo_example_11.so
[7.642s] -- Set runtime path of "/home/farah/farah/GP_Repo/Autonomous-RC-Car/install/ros2_control_demo_example_11/lib/libros2_control_demo_example_11.so" to ""
[7.642s] -- Installing: /home/farah/farah/GP_Repo/Autonomous-RC-Car/install/ros2_control_demo_example_11/share/ros2_control_demo_example_11/environment/library_path.sh
[7.642s] -- Installing: /home/farah/farah/GP_Repo/Autonomous-RC-Car/install/ros2_control_demo_example_11/share/ros2_control_demo_example_11/environment/library_path.dsv
[7.642s] -- Installing: /home/farah/farah/GP_Repo/Autonomous-RC-Car/install/ros2_control_demo_example_11/share/ament_index/resource_index/package_run_dependencies/ros2_control_demo_example_11
[7.643s] -- Installing: /home/farah/farah/GP_Repo/Autonomous-RC-Car/install/ros2_control_demo_example_11/share/ament_index/resource_index/parent_prefix_path/ros2_control_demo_example_11
[7.643s] -- Installing: /home/farah/farah/GP_Repo/Autonomous-RC-Car/install/ros2_control_demo_example_11/share/ros2_control_demo_example_11/environment/ament_prefix_path.sh
[7.643s] -- Installing: /home/farah/farah/GP_Repo/Autonomous-RC-Car/install/ros2_control_demo_example_11/share/ros2_control_demo_example_11/environment/ament_prefix_path.dsv
[7.643s] -- Installing: /home/farah/farah/GP_Repo/Autonomous-RC-Car/install/ros2_control_demo_example_11/share/ros2_control_demo_example_11/environment/path.sh
[7.643s] -- Installing: /home/farah/farah/GP_Repo/Autonomous-RC-Car/install/ros2_control_demo_example_11/share/ros2_control_demo_example_11/environment/path.dsv
[7.643s] -- Installing: /home/farah/farah/GP_Repo/Autonomous-RC-Car/install/ros2_control_demo_example_11/share/ros2_control_demo_example_11/local_setup.bash
[7.644s] -- Installing: /home/farah/farah/GP_Repo/Autonomous-RC-Car/install/ros2_control_demo_example_11/share/ros2_control_demo_example_11/local_setup.sh
[7.644s] -- Installing: /home/farah/farah/GP_Repo/Autonomous-RC-Car/install/ros2_control_demo_example_11/share/ros2_control_demo_example_11/local_setup.zsh
[7.644s] -- Installing: /home/farah/farah/GP_Repo/Autonomous-RC-Car/install/ros2_control_demo_example_11/share/ros2_control_demo_example_11/local_setup.dsv
[7.644s] -- Installing: /home/farah/farah/GP_Repo/Autonomous-RC-Car/install/ros2_control_demo_example_11/share/ros2_control_demo_example_11/package.dsv
[7.644s] -- Installing: /home/farah/farah/GP_Repo/Autonomous-RC-Car/install/ros2_control_demo_example_11/share/ament_index/resource_index/packages/ros2_control_demo_example_11
[7.645s] -- Installing: /home/farah/farah/GP_Repo/Autonomous-RC-Car/install/ros2_control_demo_example_11/share/ament_index/resource_index/hardware_interface__pluginlib__plugin/ros2_control_demo_example_11
[7.645s] -- Installing: /home/farah/farah/GP_Repo/Autonomous-RC-Car/install/ros2_control_demo_example_11/share/ros2_control_demo_example_11/cmake/export_ros2_control_demo_example_11Export.cmake
[7.645s] -- Installing: /home/farah/farah/GP_Repo/Autonomous-RC-Car/install/ros2_control_demo_example_11/share/ros2_control_demo_example_11/cmake/export_ros2_control_demo_example_11Export-noconfig.cmake
[7.645s] -- Installing: /home/farah/farah/GP_Repo/Autonomous-RC-Car/install/ros2_control_demo_example_11/share/ros2_control_demo_example_11/cmake/ament_cmake_export_targets-extras.cmake
[7.645s] -- Installing: /home/farah/farah/GP_Repo/Autonomous-RC-Car/install/ros2_control_demo_example_11/share/ros2_control_demo_example_11/cmake/ament_cmake_export_dependencies-extras.cmake
[7.645s] -- Installing: /home/farah/farah/GP_Repo/Autonomous-RC-Car/install/ros2_control_demo_example_11/share/ros2_control_demo_example_11/cmake/ros2_control_demo_example_11Config.cmake
[7.646s] -- Installing: /home/farah/farah/GP_Repo/Autonomous-RC-Car/install/ros2_control_demo_example_11/share/ros2_control_demo_example_11/cmake/ros2_control_demo_example_11Config-version.cmake
[7.646s] -- Installing: /home/farah/farah/GP_Repo/Autonomous-RC-Car/install/ros2_control_demo_example_11/share/ros2_control_demo_example_11/package.xml
[7.649s] Invoked command in '/home/farah/farah/GP_Repo/Autonomous-RC-Car/build/ros2_control_demo_example_11' returned '0': AMENT_PREFIX_PATH=/home/farah/farah/GP_Repo/Autonomous-RC-Car/install/ros2_control_demo_description:${AMENT_PREFIX_PATH} CMAKE_PREFIX_PATH=/home/farah/farah/GP_Repo/Autonomous-RC-Car/install/ros2_control_demo_description:/home/farah/farah/dev_ws/install/zinger_description:/home/farah/farah/dev_ws/install/temp_teleop:/home/farah/farah/dev_ws/install/sim_car:/home/farah/farah/dev_ws/install/serial_motor:/home/farah/farah/dev_ws/install/ros2_control_demo_example_2:/home/farah/farah/dev_ws/install/ros2_control_demo_example_11:/home/farah/farah/dev_ws/install/ros2_control_demo_description:/home/farah/farah/dev_ws/install/race_it:/home/farah/farah/dev_ws/install/nav2_line_following_controller:/home/farah/farah/dev_ws/install/articubot_one:/opt/ros/humble /usr/bin/cmake --install /home/farah/farah/GP_Repo/Autonomous-RC-Car/build/ros2_control_demo_example_11
