[2.432s] Invoking command in '/home/pi/serial_ws/src/teleop_serial': PYTHONPATH=/home/pi/serial_ws/build/teleop_serial/prefix_override:/usr/lib/python3/dist-packages/colcon_core/task/python/colcon_distutils_commands:/home/pi/serial_ws/install/teleop_serial/lib/python3.8/site-packages:${PYTHONPATH} /usr/bin/python3 -W ignore:setup.py install is deprecated -W ignore:easy_install command is deprecated setup.py egg_info --egg-base ../../build/teleop_serial build --build-base /home/pi/serial_ws/build/teleop_serial/build install --record /home/pi/serial_ws/build/teleop_serial/install.log --install-scripts $base/lib/teleop_serial --single-version-externally-managed install_data
[3.271s] running egg_info
[3.273s] writing ../../build/teleop_serial/teleop_serial.egg-info/PKG-INFO
[3.274s] writing dependency_links to ../../build/teleop_serial/teleop_serial.egg-info/dependency_links.txt
[3.274s] writing entry points to ../../build/teleop_serial/teleop_serial.egg-info/entry_points.txt
[3.275s] writing requirements to ../../build/teleop_serial/teleop_serial.egg-info/requires.txt
[3.276s] writing top-level names to ../../build/teleop_serial/teleop_serial.egg-info/top_level.txt
[3.401s] reading manifest file '../../build/teleop_serial/teleop_serial.egg-info/SOURCES.txt'
[3.405s] writing manifest file '../../build/teleop_serial/teleop_serial.egg-info/SOURCES.txt'
[3.405s] running build
[3.406s] running build_py
[3.407s] running install
[3.410s] running install_lib
[3.415s] running install_data
[3.416s] running install_egg_info
[3.423s] removing '/home/pi/serial_ws/install/teleop_serial/lib/python3.8/site-packages/teleop_serial-0.0.0-py3.8.egg-info' (and everything under it)
[3.424s] Copying ../../build/teleop_serial/teleop_serial.egg-info to /home/pi/serial_ws/install/teleop_serial/lib/python3.8/site-packages/teleop_serial-0.0.0-py3.8.egg-info
[3.428s] running install_scripts
[3.489s] Installing teleop_serial script to /home/pi/serial_ws/install/teleop_serial/lib/teleop_serial
[3.490s] writing list of installed files to '/home/pi/serial_ws/build/teleop_serial/install.log'
[3.582s] Invoked command in '/home/pi/serial_ws/src/teleop_serial' returned '0': PYTHONPATH=/home/pi/serial_ws/build/teleop_serial/prefix_override:/usr/lib/python3/dist-packages/colcon_core/task/python/colcon_distutils_commands:/home/pi/serial_ws/install/teleop_serial/lib/python3.8/site-packages:${PYTHONPATH} /usr/bin/python3 -W ignore:setup.py install is deprecated -W ignore:easy_install command is deprecated setup.py egg_info --egg-base ../../build/teleop_serial build --build-base /home/pi/serial_ws/build/teleop_serial/build install --record /home/pi/serial_ws/build/teleop_serial/install.log --install-scripts $base/lib/teleop_serial --single-version-externally-managed install_data
