[0.025s] Invoking command in '/home/farah/farah/GP_Repo/Autonomous-RC-Car/build/ros2_control_demo_example_2': AMENT_PREFIX_PATH=/home/farah/farah/GP_Repo/Autonomous-RC-Car/install/ros2_control_demo_description:${AMENT_PREFIX_PATH} CMAKE_PREFIX_PATH=/home/farah/farah/GP_Repo/Autonomous-RC-Car/install/ros2_control_demo_description:/home/farah/farah/dev_ws/install/zinger_description:/home/farah/farah/dev_ws/install/temp_teleop:/home/farah/farah/dev_ws/install/sim_car:/home/farah/farah/dev_ws/install/serial_motor:/home/farah/farah/dev_ws/install/ros2_control_demo_example_2:/home/farah/farah/dev_ws/install/ros2_control_demo_example_11:/home/farah/farah/dev_ws/install/ros2_control_demo_description:/home/farah/farah/dev_ws/install/race_it:/home/farah/farah/dev_ws/install/nav2_line_following_controller:/home/farah/farah/dev_ws/install/articubot_one:/opt/ros/humble /usr/bin/cmake /home/farah/farah/GP_Repo/Autonomous-RC-Car/dev_ws/src/example_2 -DCMAKE_INSTALL_PREFIX=/home/farah/farah/GP_Repo/Autonomous-RC-Car/install/ros2_control_demo_example_2
[0.141s] -- The CXX compiler identification is GNU 11.4.0
[0.148s] -- Detecting CXX compiler ABI info
[0.270s] -- Detecting CXX compiler ABI info - done
[0.284s] -- Check for working CXX compiler: /usr/bin/c++ - skipped
[0.285s] -- Detecting CXX compile features
[0.286s] -- Detecting CXX compile features - done
[0.290s] -- Found ament_cmake: 1.3.10 (/opt/ros/humble/share/ament_cmake/cmake)
[0.536s] -- Found Python3: /usr/bin/python3 (found version "3.10.12") found components: Interpreter 
[0.697s] -- Found hardware_interface: 2.43.1 (/opt/ros/humble/share/hardware_interface/cmake)
[0.759s] -- Found rosidl_generator_c: 3.1.5 (/opt/ros/humble/share/rosidl_generator_c/cmake)
[0.765s] -- Found rosidl_adapter: 3.1.5 (/opt/ros/humble/share/rosidl_adapter/cmake)
[0.775s] -- Found rosidl_generator_cpp: 3.1.5 (/opt/ros/humble/share/rosidl_generator_cpp/cmake)
[0.789s] -- Using all available rosidl_typesupport_c: rosidl_typesupport_fastrtps_c;rosidl_typesupport_introspection_c
[0.806s] -- Using all available rosidl_typesupport_cpp: rosidl_typesupport_fastrtps_cpp;rosidl_typesupport_introspection_cpp
[1.027s] -- Found rmw_implementation_cmake: 6.1.2 (/opt/ros/humble/share/rmw_implementation_cmake/cmake)
[1.030s] -- Found rmw_fastrtps_cpp: 6.2.7 (/opt/ros/humble/share/rmw_fastrtps_cpp/cmake)
[1.054s] -- Found TinyXML2 via Config file: TinyXML2_DIR-NOTFOUND
[1.097s] -- Found OpenSSL: /usr/lib/x86_64-linux-gnu/libcrypto.so (found version "3.0.2")  
[1.100s] -- Found TinyXML2 via Config file: TinyXML2_DIR-NOTFOUND
[1.113s] -- Found FastRTPS: /opt/ros/humble/include  
[1.116s] -- Found TinyXML2 via Config file: TinyXML2_DIR-NOTFOUND
[1.123s] -- Found TinyXML2 via Config file: TinyXML2_DIR-NOTFOUND
[1.133s] -- Using RMW implementation 'rmw_fastrtps_cpp' as default
[1.144s] -- Looking for C++ include pthread.h
[1.222s] -- Looking for C++ include pthread.h - found
[1.223s] -- Performing Test CMAKE_HAVE_LIBC_PTHREAD
[1.301s] -- Performing Test CMAKE_HAVE_LIBC_PTHREAD - Success
[1.302s] -- Found Threads: TRUE  
[1.357s] -- Found ament_cmake_pytest: 1.3.10 (/opt/ros/humble/share/ament_cmake_pytest/cmake)
[2.332s] -- Configuring done
[2.374s] -- Generating done
[2.375s] -- Build files have been written to: /home/farah/farah/GP_Repo/Autonomous-RC-Car/build/ros2_control_demo_example_2
[2.400s] Invoked command in '/home/farah/farah/GP_Repo/Autonomous-RC-Car/build/ros2_control_demo_example_2' returned '0': AMENT_PREFIX_PATH=/home/farah/farah/GP_Repo/Autonomous-RC-Car/install/ros2_control_demo_description:${AMENT_PREFIX_PATH} CMAKE_PREFIX_PATH=/home/farah/farah/GP_Repo/Autonomous-RC-Car/install/ros2_control_demo_description:/home/farah/farah/dev_ws/install/zinger_description:/home/farah/farah/dev_ws/install/temp_teleop:/home/farah/farah/dev_ws/install/sim_car:/home/farah/farah/dev_ws/install/serial_motor:/home/farah/farah/dev_ws/install/ros2_control_demo_example_2:/home/farah/farah/dev_ws/install/ros2_control_demo_example_11:/home/farah/farah/dev_ws/install/ros2_control_demo_description:/home/farah/farah/dev_ws/install/race_it:/home/farah/farah/dev_ws/install/nav2_line_following_controller:/home/farah/farah/dev_ws/install/articubot_one:/opt/ros/humble /usr/bin/cmake /home/farah/farah/GP_Repo/Autonomous-RC-Car/dev_ws/src/example_2 -DCMAKE_INSTALL_PREFIX=/home/farah/farah/GP_Repo/Autonomous-RC-Car/install/ros2_control_demo_example_2
[2.402s] Invoking command in '/home/farah/farah/GP_Repo/Autonomous-RC-Car/build/ros2_control_demo_example_2': AMENT_PREFIX_PATH=/home/farah/farah/GP_Repo/Autonomous-RC-Car/install/ros2_control_demo_description:${AMENT_PREFIX_PATH} CMAKE_PREFIX_PATH=/home/farah/farah/GP_Repo/Autonomous-RC-Car/install/ros2_control_demo_description:/home/farah/farah/dev_ws/install/zinger_description:/home/farah/farah/dev_ws/install/temp_teleop:/home/farah/farah/dev_ws/install/sim_car:/home/farah/farah/dev_ws/install/serial_motor:/home/farah/farah/dev_ws/install/ros2_control_demo_example_2:/home/farah/farah/dev_ws/install/ros2_control_demo_example_11:/home/farah/farah/dev_ws/install/ros2_control_demo_description:/home/farah/farah/dev_ws/install/race_it:/home/farah/farah/dev_ws/install/nav2_line_following_controller:/home/farah/farah/dev_ws/install/articubot_one:/opt/ros/humble /usr/bin/cmake --build /home/farah/farah/GP_Repo/Autonomous-RC-Car/build/ros2_control_demo_example_2 -- -j8 -l8
[2.480s] [ 50%] [32mBuilding CXX object CMakeFiles/ros2_control_demo_example_2.dir/hardware/diffbot_system.cpp.o[0m
[6.547s] [100%] [32m[1mLinking CXX shared library libros2_control_demo_example_2.so[0m
[6.787s] [100%] Built target ros2_control_demo_example_2
[6.798s] Invoked command in '/home/farah/farah/GP_Repo/Autonomous-RC-Car/build/ros2_control_demo_example_2' returned '0': AMENT_PREFIX_PATH=/home/farah/farah/GP_Repo/Autonomous-RC-Car/install/ros2_control_demo_description:${AMENT_PREFIX_PATH} CMAKE_PREFIX_PATH=/home/farah/farah/GP_Repo/Autonomous-RC-Car/install/ros2_control_demo_description:/home/farah/farah/dev_ws/install/zinger_description:/home/farah/farah/dev_ws/install/temp_teleop:/home/farah/farah/dev_ws/install/sim_car:/home/farah/farah/dev_ws/install/serial_motor:/home/farah/farah/dev_ws/install/ros2_control_demo_example_2:/home/farah/farah/dev_ws/install/ros2_control_demo_example_11:/home/farah/farah/dev_ws/install/ros2_control_demo_description:/home/farah/farah/dev_ws/install/race_it:/home/farah/farah/dev_ws/install/nav2_line_following_controller:/home/farah/farah/dev_ws/install/articubot_one:/opt/ros/humble /usr/bin/cmake --build /home/farah/farah/GP_Repo/Autonomous-RC-Car/build/ros2_control_demo_example_2 -- -j8 -l8
[6.822s] Invoking command in '/home/farah/farah/GP_Repo/Autonomous-RC-Car/build/ros2_control_demo_example_2': AMENT_PREFIX_PATH=/home/farah/farah/GP_Repo/Autonomous-RC-Car/install/ros2_control_demo_description:${AMENT_PREFIX_PATH} CMAKE_PREFIX_PATH=/home/farah/farah/GP_Repo/Autonomous-RC-Car/install/ros2_control_demo_description:/home/farah/farah/dev_ws/install/zinger_description:/home/farah/farah/dev_ws/install/temp_teleop:/home/farah/farah/dev_ws/install/sim_car:/home/farah/farah/dev_ws/install/serial_motor:/home/farah/farah/dev_ws/install/ros2_control_demo_example_2:/home/farah/farah/dev_ws/install/ros2_control_demo_example_11:/home/farah/farah/dev_ws/install/ros2_control_demo_description:/home/farah/farah/dev_ws/install/race_it:/home/farah/farah/dev_ws/install/nav2_line_following_controller:/home/farah/farah/dev_ws/install/articubot_one:/opt/ros/humble /usr/bin/cmake --install /home/farah/farah/GP_Repo/Autonomous-RC-Car/build/ros2_control_demo_example_2
[6.829s] -- Install configuration: ""
[6.830s] -- Installing: /home/farah/farah/GP_Repo/Autonomous-RC-Car/install/ros2_control_demo_example_2/share/ros2_control_demo_example_2/ros2_control_demo_example_2.xml
[6.830s] -- Installing: /home/farah/farah/GP_Repo/Autonomous-RC-Car/install/ros2_control_demo_example_2/include/ros2_control_demo_example_2
[6.830s] -- Installing: /home/farah/farah/GP_Repo/Autonomous-RC-Car/install/ros2_control_demo_example_2/include/ros2_control_demo_example_2/ros2_control_demo_example_2
[6.830s] -- Installing: /home/farah/farah/GP_Repo/Autonomous-RC-Car/install/ros2_control_demo_example_2/include/ros2_control_demo_example_2/ros2_control_demo_example_2/diffbot_system.hpp
[6.830s] -- Installing: /home/farah/farah/GP_Repo/Autonomous-RC-Car/install/ros2_control_demo_example_2/include/ros2_control_demo_example_2/ros2_control_demo_example_2/visibility_control.h
[6.830s] -- Installing: /home/farah/farah/GP_Repo/Autonomous-RC-Car/install/ros2_control_demo_example_2/share/ros2_control_demo_example_2/launch
[6.830s] -- Installing: /home/farah/farah/GP_Repo/Autonomous-RC-Car/install/ros2_control_demo_example_2/share/ros2_control_demo_example_2/launch/view_robot.launch.py
[6.830s] -- Installing: /home/farah/farah/GP_Repo/Autonomous-RC-Car/install/ros2_control_demo_example_2/share/ros2_control_demo_example_2/ros2_control
[6.831s] -- Installing: /home/farah/farah/GP_Repo/Autonomous-RC-Car/install/ros2_control_demo_example_2/share/ros2_control_demo_example_2/ros2_control/diffbot.ros2_control.xacro
[6.831s] -- Installing: /home/farah/farah/GP_Repo/Autonomous-RC-Car/install/ros2_control_demo_example_2/share/ros2_control_demo_example_2/urdf
[6.831s] -- Installing: /home/farah/farah/GP_Repo/Autonomous-RC-Car/install/ros2_control_demo_example_2/share/ros2_control_demo_example_2/urdf/diffbot.urdf.xacro
[6.831s] -- Up-to-date: /home/farah/farah/GP_Repo/Autonomous-RC-Car/install/ros2_control_demo_example_2/share/ros2_control_demo_example_2/launch
[6.831s] -- Installing: /home/farah/farah/GP_Repo/Autonomous-RC-Car/install/ros2_control_demo_example_2/share/ros2_control_demo_example_2/launch/diffbot.launch.py
[6.832s] -- Installing: /home/farah/farah/GP_Repo/Autonomous-RC-Car/install/ros2_control_demo_example_2/share/ros2_control_demo_example_2/launch/__pycache__
[6.832s] -- Installing: /home/farah/farah/GP_Repo/Autonomous-RC-Car/install/ros2_control_demo_example_2/share/ros2_control_demo_example_2/launch/__pycache__/diffbot.launch.cpython-310.pyc
[6.832s] -- Installing: /home/farah/farah/GP_Repo/Autonomous-RC-Car/install/ros2_control_demo_example_2/share/ros2_control_demo_example_2/config
[6.832s] -- Installing: /home/farah/farah/GP_Repo/Autonomous-RC-Car/install/ros2_control_demo_example_2/share/ros2_control_demo_example_2/config/diffbot_controllers.yaml
[6.833s] -- Installing: /home/farah/farah/GP_Repo/Autonomous-RC-Car/install/ros2_control_demo_example_2/lib/libros2_control_demo_example_2.so
[6.833s] -- Set runtime path of "/home/farah/farah/GP_Repo/Autonomous-RC-Car/install/ros2_control_demo_example_2/lib/libros2_control_demo_example_2.so" to ""
[6.833s] -- Installing: /home/farah/farah/GP_Repo/Autonomous-RC-Car/install/ros2_control_demo_example_2/share/ros2_control_demo_example_2/environment/library_path.sh
[6.834s] -- Installing: /home/farah/farah/GP_Repo/Autonomous-RC-Car/install/ros2_control_demo_example_2/share/ros2_control_demo_example_2/environment/library_path.dsv
[6.834s] -- Installing: /home/farah/farah/GP_Repo/Autonomous-RC-Car/install/ros2_control_demo_example_2/share/ament_index/resource_index/package_run_dependencies/ros2_control_demo_example_2
[6.834s] -- Installing: /home/farah/farah/GP_Repo/Autonomous-RC-Car/install/ros2_control_demo_example_2/share/ament_index/resource_index/parent_prefix_path/ros2_control_demo_example_2
[6.834s] -- Installing: /home/farah/farah/GP_Repo/Autonomous-RC-Car/install/ros2_control_demo_example_2/share/ros2_control_demo_example_2/environment/ament_prefix_path.sh
[6.834s] -- Installing: /home/farah/farah/GP_Repo/Autonomous-RC-Car/install/ros2_control_demo_example_2/share/ros2_control_demo_example_2/environment/ament_prefix_path.dsv
[6.834s] -- Installing: /home/farah/farah/GP_Repo/Autonomous-RC-Car/install/ros2_control_demo_example_2/share/ros2_control_demo_example_2/environment/path.sh
[6.834s] -- Installing: /home/farah/farah/GP_Repo/Autonomous-RC-Car/install/ros2_control_demo_example_2/share/ros2_control_demo_example_2/environment/path.dsv
[6.835s] -- Installing: /home/farah/farah/GP_Repo/Autonomous-RC-Car/install/ros2_control_demo_example_2/share/ros2_control_demo_example_2/local_setup.bash
[6.835s] -- Installing: /home/farah/farah/GP_Repo/Autonomous-RC-Car/install/ros2_control_demo_example_2/share/ros2_control_demo_example_2/local_setup.sh
[6.835s] -- Installing: /home/farah/farah/GP_Repo/Autonomous-RC-Car/install/ros2_control_demo_example_2/share/ros2_control_demo_example_2/local_setup.zsh
[6.835s] -- Installing: /home/farah/farah/GP_Repo/Autonomous-RC-Car/install/ros2_control_demo_example_2/share/ros2_control_demo_example_2/local_setup.dsv
[6.835s] -- Installing: /home/farah/farah/GP_Repo/Autonomous-RC-Car/install/ros2_control_demo_example_2/share/ros2_control_demo_example_2/package.dsv
[6.835s] -- Installing: /home/farah/farah/GP_Repo/Autonomous-RC-Car/install/ros2_control_demo_example_2/share/ament_index/resource_index/packages/ros2_control_demo_example_2
[6.835s] -- Installing: /home/farah/farah/GP_Repo/Autonomous-RC-Car/install/ros2_control_demo_example_2/share/ament_index/resource_index/hardware_interface__pluginlib__plugin/ros2_control_demo_example_2
[6.835s] -- Installing: /home/farah/farah/GP_Repo/Autonomous-RC-Car/install/ros2_control_demo_example_2/share/ros2_control_demo_example_2/cmake/export_ros2_control_demo_example_2Export.cmake
[6.836s] -- Installing: /home/farah/farah/GP_Repo/Autonomous-RC-Car/install/ros2_control_demo_example_2/share/ros2_control_demo_example_2/cmake/export_ros2_control_demo_example_2Export-noconfig.cmake
[6.836s] -- Installing: /home/farah/farah/GP_Repo/Autonomous-RC-Car/install/ros2_control_demo_example_2/share/ros2_control_demo_example_2/cmake/ament_cmake_export_targets-extras.cmake
[6.836s] -- Installing: /home/farah/farah/GP_Repo/Autonomous-RC-Car/install/ros2_control_demo_example_2/share/ros2_control_demo_example_2/cmake/ament_cmake_export_dependencies-extras.cmake
[6.836s] -- Installing: /home/farah/farah/GP_Repo/Autonomous-RC-Car/install/ros2_control_demo_example_2/share/ros2_control_demo_example_2/cmake/ros2_control_demo_example_2Config.cmake
[6.836s] -- Installing: /home/farah/farah/GP_Repo/Autonomous-RC-Car/install/ros2_control_demo_example_2/share/ros2_control_demo_example_2/cmake/ros2_control_demo_example_2Config-version.cmake
[6.836s] -- Installing: /home/farah/farah/GP_Repo/Autonomous-RC-Car/install/ros2_control_demo_example_2/share/ros2_control_demo_example_2/package.xml
[6.839s] Invoked command in '/home/farah/farah/GP_Repo/Autonomous-RC-Car/build/ros2_control_demo_example_2' returned '0': AMENT_PREFIX_PATH=/home/farah/farah/GP_Repo/Autonomous-RC-Car/install/ros2_control_demo_description:${AMENT_PREFIX_PATH} CMAKE_PREFIX_PATH=/home/farah/farah/GP_Repo/Autonomous-RC-Car/install/ros2_control_demo_description:/home/farah/farah/dev_ws/install/zinger_description:/home/farah/farah/dev_ws/install/temp_teleop:/home/farah/farah/dev_ws/install/sim_car:/home/farah/farah/dev_ws/install/serial_motor:/home/farah/farah/dev_ws/install/ros2_control_demo_example_2:/home/farah/farah/dev_ws/install/ros2_control_demo_example_11:/home/farah/farah/dev_ws/install/ros2_control_demo_description:/home/farah/farah/dev_ws/install/race_it:/home/farah/farah/dev_ws/install/nav2_line_following_controller:/home/farah/farah/dev_ws/install/articubot_one:/opt/ros/humble /usr/bin/cmake --install /home/farah/farah/GP_Repo/Autonomous-RC-Car/build/ros2_control_demo_example_2
