[0.030s] Invoking command in '/home/farah/farah/GP_Repo/Autonomous-RC-Car/build/race_it': CMAKE_PREFIX_PATH=/home/farah/farah/dev_ws/install/zinger_description:/home/farah/farah/dev_ws/install/temp_teleop:/home/farah/farah/dev_ws/install/sim_car:/home/farah/farah/dev_ws/install/serial_motor:/home/farah/farah/dev_ws/install/ros2_control_demo_example_2:/home/farah/farah/dev_ws/install/ros2_control_demo_example_11:/home/farah/farah/dev_ws/install/ros2_control_demo_description:/home/farah/farah/dev_ws/install/race_it:/home/farah/farah/dev_ws/install/nav2_line_following_controller:/home/farah/farah/dev_ws/install/articubot_one:/opt/ros/humble /usr/bin/cmake /home/farah/farah/GP_Repo/Autonomous-RC-Car/dev_ws/src/ros2_acker/src/race_it -DCMAKE_INSTALL_PREFIX=/home/farah/farah/GP_Repo/Autonomous-RC-Car/install/race_it
[0.757s] -- The C compiler identification is GNU 11.4.0
[0.757s] -- The CXX compiler identification is GNU 11.4.0
[0.757s] -- Detecting C compiler ABI info
[0.758s] -- Detecting C compiler ABI info - done
[0.758s] -- Check for working C compiler: /usr/bin/cc - skipped
[0.758s] -- Detecting C compile features
[0.758s] -- Detecting C compile features - done
[0.758s] -- Detecting CXX compiler ABI info
[0.758s] -- Detecting CXX compiler ABI info - done
[0.758s] -- Check for working CXX compiler: /usr/bin/c++ - skipped
[0.758s] -- Detecting CXX compile features
[0.759s] -- Detecting CXX compile features - done
[0.759s] -- Found ament_cmake: 1.3.10 (/opt/ros/humble/share/ament_cmake/cmake)
[0.760s] -- Found Python3: /usr/bin/python3 (found version "3.10.12") found components: Interpreter 
[0.968s] -- Found ament_lint_auto: 0.12.11 (/opt/ros/humble/share/ament_lint_auto/cmake)
[1.136s] -- Added test 'flake8' to check Python code syntax and style conventions
[1.138s] -- Added test 'lint_cmake' to check CMake code style
[1.138s] -- Added test 'pep257' to check Python code against some of the docstring style conventions in PEP 257
[1.143s] -- Added test 'xmllint' to check XML markup files
[1.144s] -- Configuring done
[1.149s] -- Generating done
[1.151s] -- Build files have been written to: /home/farah/farah/GP_Repo/Autonomous-RC-Car/build/race_it
[1.159s] Invoked command in '/home/farah/farah/GP_Repo/Autonomous-RC-Car/build/race_it' returned '0': CMAKE_PREFIX_PATH=/home/farah/farah/dev_ws/install/zinger_description:/home/farah/farah/dev_ws/install/temp_teleop:/home/farah/farah/dev_ws/install/sim_car:/home/farah/farah/dev_ws/install/serial_motor:/home/farah/farah/dev_ws/install/ros2_control_demo_example_2:/home/farah/farah/dev_ws/install/ros2_control_demo_example_11:/home/farah/farah/dev_ws/install/ros2_control_demo_description:/home/farah/farah/dev_ws/install/race_it:/home/farah/farah/dev_ws/install/nav2_line_following_controller:/home/farah/farah/dev_ws/install/articubot_one:/opt/ros/humble /usr/bin/cmake /home/farah/farah/GP_Repo/Autonomous-RC-Car/dev_ws/src/ros2_acker/src/race_it -DCMAKE_INSTALL_PREFIX=/home/farah/farah/GP_Repo/Autonomous-RC-Car/install/race_it
[1.161s] Invoking command in '/home/farah/farah/GP_Repo/Autonomous-RC-Car/build/race_it': CMAKE_PREFIX_PATH=/home/farah/farah/dev_ws/install/zinger_description:/home/farah/farah/dev_ws/install/temp_teleop:/home/farah/farah/dev_ws/install/sim_car:/home/farah/farah/dev_ws/install/serial_motor:/home/farah/farah/dev_ws/install/ros2_control_demo_example_2:/home/farah/farah/dev_ws/install/ros2_control_demo_example_11:/home/farah/farah/dev_ws/install/ros2_control_demo_description:/home/farah/farah/dev_ws/install/race_it:/home/farah/farah/dev_ws/install/nav2_line_following_controller:/home/farah/farah/dev_ws/install/articubot_one:/opt/ros/humble /usr/bin/cmake --build /home/farah/farah/GP_Repo/Autonomous-RC-Car/build/race_it -- -j8 -l8
[1.225s] Invoked command in '/home/farah/farah/GP_Repo/Autonomous-RC-Car/build/race_it' returned '0': CMAKE_PREFIX_PATH=/home/farah/farah/dev_ws/install/zinger_description:/home/farah/farah/dev_ws/install/temp_teleop:/home/farah/farah/dev_ws/install/sim_car:/home/farah/farah/dev_ws/install/serial_motor:/home/farah/farah/dev_ws/install/ros2_control_demo_example_2:/home/farah/farah/dev_ws/install/ros2_control_demo_example_11:/home/farah/farah/dev_ws/install/ros2_control_demo_description:/home/farah/farah/dev_ws/install/race_it:/home/farah/farah/dev_ws/install/nav2_line_following_controller:/home/farah/farah/dev_ws/install/articubot_one:/opt/ros/humble /usr/bin/cmake --build /home/farah/farah/GP_Repo/Autonomous-RC-Car/build/race_it -- -j8 -l8
[1.258s] Invoking command in '/home/farah/farah/GP_Repo/Autonomous-RC-Car/build/race_it': CMAKE_PREFIX_PATH=/home/farah/farah/dev_ws/install/zinger_description:/home/farah/farah/dev_ws/install/temp_teleop:/home/farah/farah/dev_ws/install/sim_car:/home/farah/farah/dev_ws/install/serial_motor:/home/farah/farah/dev_ws/install/ros2_control_demo_example_2:/home/farah/farah/dev_ws/install/ros2_control_demo_example_11:/home/farah/farah/dev_ws/install/ros2_control_demo_description:/home/farah/farah/dev_ws/install/race_it:/home/farah/farah/dev_ws/install/nav2_line_following_controller:/home/farah/farah/dev_ws/install/articubot_one:/opt/ros/humble /usr/bin/cmake --install /home/farah/farah/GP_Repo/Autonomous-RC-Car/build/race_it
[1.271s] -- Install configuration: ""
[1.271s] -- Installing: /home/farah/farah/GP_Repo/Autonomous-RC-Car/install/race_it/share/race_it/description
[1.271s] -- Installing: /home/farah/farah/GP_Repo/Autonomous-RC-Car/install/race_it/share/race_it/description/race_car.xacro
[1.272s] -- Installing: /home/farah/farah/GP_Repo/Autonomous-RC-Car/install/race_it/share/race_it/description/inertial.xacro
[1.272s] -- Installing: /home/farah/farah/GP_Repo/Autonomous-RC-Car/install/race_it/share/race_it/description/ros2_ack.xacro
[1.272s] -- Installing: /home/farah/farah/GP_Repo/Autonomous-RC-Car/install/race_it/share/race_it/description/temp_controllers
[1.272s] -- Installing: /home/farah/farah/GP_Repo/Autonomous-RC-Car/install/race_it/share/race_it/description/temp_controllers/car.xacro
[1.272s] -- Installing: /home/farah/farah/GP_Repo/Autonomous-RC-Car/install/race_it/share/race_it/description/temp_controllers/gazebo_control_steer.xacro
[1.272s] -- Installing: /home/farah/farah/GP_Repo/Autonomous-RC-Car/install/race_it/share/race_it/description/temp_controllers/gazebo_control_dd.xacro
[1.273s] -- Installing: /home/farah/farah/GP_Repo/Autonomous-RC-Car/install/race_it/share/race_it/launch
[1.273s] -- Installing: /home/farah/farah/GP_Repo/Autonomous-RC-Car/install/race_it/share/race_it/launch/rsp.launch.py
[1.273s] -- Installing: /home/farah/farah/GP_Repo/Autonomous-RC-Car/install/race_it/share/race_it/config
[1.274s] -- Installing: /home/farah/farah/GP_Repo/Autonomous-RC-Car/install/race_it/share/race_it/config/controller
[1.274s] -- Installing: /home/farah/farah/GP_Repo/Autonomous-RC-Car/install/race_it/share/race_it/config/controller/my_controllers.yaml
[1.274s] -- Installing: /home/farah/farah/GP_Repo/Autonomous-RC-Car/install/race_it/share/race_it/config/rviz
[1.275s] -- Installing: /home/farah/farah/GP_Repo/Autonomous-RC-Car/install/race_it/share/race_it/config/rviz/urdf_config.rviz
[1.275s] -- Installing: /home/farah/farah/GP_Repo/Autonomous-RC-Car/install/race_it/share/race_it/config/mapper_params_online_async.yaml
[1.275s] -- Installing: /home/farah/farah/GP_Repo/Autonomous-RC-Car/install/race_it/share/ament_index/resource_index/package_run_dependencies/race_it
[1.275s] -- Installing: /home/farah/farah/GP_Repo/Autonomous-RC-Car/install/race_it/share/ament_index/resource_index/parent_prefix_path/race_it
[1.275s] -- Installing: /home/farah/farah/GP_Repo/Autonomous-RC-Car/install/race_it/share/race_it/environment/ament_prefix_path.sh
[1.275s] -- Installing: /home/farah/farah/GP_Repo/Autonomous-RC-Car/install/race_it/share/race_it/environment/ament_prefix_path.dsv
[1.275s] -- Installing: /home/farah/farah/GP_Repo/Autonomous-RC-Car/install/race_it/share/race_it/environment/path.sh
[1.276s] -- Installing: /home/farah/farah/GP_Repo/Autonomous-RC-Car/install/race_it/share/race_it/environment/path.dsv
[1.276s] -- Installing: /home/farah/farah/GP_Repo/Autonomous-RC-Car/install/race_it/share/race_it/local_setup.bash
[1.277s] -- Installing: /home/farah/farah/GP_Repo/Autonomous-RC-Car/install/race_it/share/race_it/local_setup.sh
[1.278s] -- Installing: /home/farah/farah/GP_Repo/Autonomous-RC-Car/install/race_it/share/race_it/local_setup.zsh
[1.279s] -- Installing: /home/farah/farah/GP_Repo/Autonomous-RC-Car/install/race_it/share/race_it/local_setup.dsv
[1.279s] -- Installing: /home/farah/farah/GP_Repo/Autonomous-RC-Car/install/race_it/share/race_it/package.dsv
[1.279s] -- Installing: /home/farah/farah/GP_Repo/Autonomous-RC-Car/install/race_it/share/ament_index/resource_index/packages/race_it
[1.279s] -- Installing: /home/farah/farah/GP_Repo/Autonomous-RC-Car/install/race_it/share/race_it/cmake/race_itConfig.cmake
[1.279s] -- Installing: /home/farah/farah/GP_Repo/Autonomous-RC-Car/install/race_it/share/race_it/cmake/race_itConfig-version.cmake
[1.279s] -- Installing: /home/farah/farah/GP_Repo/Autonomous-RC-Car/install/race_it/share/race_it/package.xml
[1.301s] Invoked command in '/home/farah/farah/GP_Repo/Autonomous-RC-Car/build/race_it' returned '0': CMAKE_PREFIX_PATH=/home/farah/farah/dev_ws/install/zinger_description:/home/farah/farah/dev_ws/install/temp_teleop:/home/farah/farah/dev_ws/install/sim_car:/home/farah/farah/dev_ws/install/serial_motor:/home/farah/farah/dev_ws/install/ros2_control_demo_example_2:/home/farah/farah/dev_ws/install/ros2_control_demo_example_11:/home/farah/farah/dev_ws/install/ros2_control_demo_description:/home/farah/farah/dev_ws/install/race_it:/home/farah/farah/dev_ws/install/nav2_line_following_controller:/home/farah/farah/dev_ws/install/articubot_one:/opt/ros/humble /usr/bin/cmake --install /home/farah/farah/GP_Repo/Autonomous-RC-Car/build/race_it
