[0.717s] DEBUG:colcon:Command line arguments: ['/usr/bin/colcon', 'build', '--symlink-install']
[0.717s] DEBUG:colcon:Parsed command line arguments: Namespace(allow_overriding=[], ament_cmake_args=None, base_paths=['.'], build_base='build', catkin_cmake_args=None, catkin_skip_building_tests=False, cmake_args=None, cmake_clean_cache=False, cmake_clean_first=False, cmake_force_configure=False, cmake_target=None, cmake_target_skip_unavailable=False, continue_on_error=False, event_handlers=None, executor='parallel', ignore_user_meta=False, install_base='install', log_base=None, log_level=None, main=<bound method BuildVerb.main of <colcon_core.verb.build.BuildVerb object at 0xffff90ec70d0>>, merge_install=False, metas=['./colcon.meta'], packages_above=None, packages_above_and_dependencies=None, packages_above_depth=None, packages_end=None, packages_ignore=None, packages_ignore_regex=None, packages_select=None, packages_select_build_failed=False, packages_select_by_dep=None, packages_select_regex=None, packages_select_test_failures=False, packages_skip=None, packages_skip_build_finished=False, packages_skip_by_dep=None, packages_skip_regex=None, packages_skip_test_passed=False, packages_skip_up_to=None, packages_start=None, packages_up_to=None, packages_up_to_regex=None, parallel_workers=4, paths=None, symlink_install=True, test_result_base=None, verb_extension=<colcon_core.verb.build.BuildVerb object at 0xffff90ec70d0>, verb_name='build', verb_parser=<colcon_defaults.argument_parser.defaults.DefaultArgumentsDecorator object at 0xffff90d08760>)
[1.318s] Level 1:colcon.colcon_core.package_discovery:discover_packages(colcon_meta) check parameters
[1.319s] Level 1:colcon.colcon_core.package_discovery:discover_packages(recursive) check parameters
[1.319s] Level 1:colcon.colcon_core.package_discovery:discover_packages(ignore) check parameters
[1.319s] Level 1:colcon.colcon_core.package_discovery:discover_packages(path) check parameters
[1.319s] Level 1:colcon.colcon_core.package_discovery:discover_packages(colcon_meta) discover
[1.319s] Level 1:colcon.colcon_core.package_discovery:discover_packages(recursive) discover
[1.320s] INFO:colcon.colcon_core.package_discovery:Crawling recursively for packages in '/home/pi/serial_ws'
[1.320s] Level 1:colcon.colcon_core.package_identification:_identify(.) by extensions ['ignore', 'ignore_ament_install']
[1.320s] Level 1:colcon.colcon_core.package_identification:_identify(.) by extension 'ignore'
[1.321s] Level 1:colcon.colcon_core.package_identification:_identify(.) by extension 'ignore_ament_install'
[1.321s] Level 1:colcon.colcon_core.package_identification:_identify(.) by extensions ['colcon_pkg']
[1.321s] Level 1:colcon.colcon_core.package_identification:_identify(.) by extension 'colcon_pkg'
[1.321s] Level 1:colcon.colcon_core.package_identification:_identify(.) by extensions ['colcon_meta']
[1.321s] Level 1:colcon.colcon_core.package_identification:_identify(.) by extension 'colcon_meta'
[1.321s] Level 1:colcon.colcon_core.package_identification:_identify(.) by extensions ['ros']
[1.321s] Level 1:colcon.colcon_core.package_identification:_identify(.) by extension 'ros'
[1.362s] Level 1:colcon.colcon_core.package_identification:_identify(.) by extensions ['cmake', 'python']
[1.362s] Level 1:colcon.colcon_core.package_identification:_identify(.) by extension 'cmake'
[1.362s] Level 1:colcon.colcon_core.package_identification:_identify(.) by extension 'python'
[1.362s] Level 1:colcon.colcon_core.package_identification:_identify(.) by extensions ['python_setup_py']
[1.362s] Level 1:colcon.colcon_core.package_identification:_identify(.) by extension 'python_setup_py'
[1.363s] Level 1:colcon.colcon_core.package_identification:_identify(build) by extensions ['ignore', 'ignore_ament_install']
[1.363s] Level 1:colcon.colcon_core.package_identification:_identify(build) by extension 'ignore'
[1.363s] Level 1:colcon.colcon_core.package_identification:_identify(build) ignored
[1.364s] Level 1:colcon.colcon_core.package_identification:_identify(install) by extensions ['ignore', 'ignore_ament_install']
[1.364s] Level 1:colcon.colcon_core.package_identification:_identify(install) by extension 'ignore'
[1.364s] Level 1:colcon.colcon_core.package_identification:_identify(install) ignored
[1.365s] Level 1:colcon.colcon_core.package_identification:_identify(log) by extensions ['ignore', 'ignore_ament_install']
[1.365s] Level 1:colcon.colcon_core.package_identification:_identify(log) by extension 'ignore'
[1.365s] Level 1:colcon.colcon_core.package_identification:_identify(log) ignored
[1.366s] Level 1:colcon.colcon_core.package_identification:_identify(src) by extensions ['ignore', 'ignore_ament_install']
[1.366s] Level 1:colcon.colcon_core.package_identification:_identify(src) by extension 'ignore'
[1.366s] Level 1:colcon.colcon_core.package_identification:_identify(src) by extension 'ignore_ament_install'
[1.366s] Level 1:colcon.colcon_core.package_identification:_identify(src) by extensions ['colcon_pkg']
[1.366s] Level 1:colcon.colcon_core.package_identification:_identify(src) by extension 'colcon_pkg'
[1.367s] Level 1:colcon.colcon_core.package_identification:_identify(src) by extensions ['colcon_meta']
[1.367s] Level 1:colcon.colcon_core.package_identification:_identify(src) by extension 'colcon_meta'
[1.367s] Level 1:colcon.colcon_core.package_identification:_identify(src) by extensions ['ros']
[1.367s] Level 1:colcon.colcon_core.package_identification:_identify(src) by extension 'ros'
[1.367s] Level 1:colcon.colcon_core.package_identification:_identify(src) by extensions ['cmake', 'python']
[1.367s] Level 1:colcon.colcon_core.package_identification:_identify(src) by extension 'cmake'
[1.368s] Level 1:colcon.colcon_core.package_identification:_identify(src) by extension 'python'
[1.368s] Level 1:colcon.colcon_core.package_identification:_identify(src) by extensions ['python_setup_py']
[1.368s] Level 1:colcon.colcon_core.package_identification:_identify(src) by extension 'python_setup_py'
[1.368s] Level 1:colcon.colcon_core.package_identification:_identify(src/serial_comm) by extensions ['ignore', 'ignore_ament_install']
[1.369s] Level 1:colcon.colcon_core.package_identification:_identify(src/serial_comm) by extension 'ignore'
[1.369s] Level 1:colcon.colcon_core.package_identification:_identify(src/serial_comm) by extension 'ignore_ament_install'
[1.369s] Level 1:colcon.colcon_core.package_identification:_identify(src/serial_comm) by extensions ['colcon_pkg']
[1.369s] Level 1:colcon.colcon_core.package_identification:_identify(src/serial_comm) by extension 'colcon_pkg'
[1.369s] Level 1:colcon.colcon_core.package_identification:_identify(src/serial_comm) by extensions ['colcon_meta']
[1.369s] Level 1:colcon.colcon_core.package_identification:_identify(src/serial_comm) by extension 'colcon_meta'
[1.369s] Level 1:colcon.colcon_core.package_identification:_identify(src/serial_comm) by extensions ['ros']
[1.370s] Level 1:colcon.colcon_core.package_identification:_identify(src/serial_comm) by extension 'ros'
[1.382s] DEBUG:colcon.colcon_core.package_identification:Package 'src/serial_comm' with type 'ros.ament_python' and name 'serial_comm'
[1.383s] Level 1:colcon.colcon_core.package_identification:_identify(src/teleop_serial) by extensions ['ignore', 'ignore_ament_install']
[1.383s] Level 1:colcon.colcon_core.package_identification:_identify(src/teleop_serial) by extension 'ignore'
[1.383s] Level 1:colcon.colcon_core.package_identification:_identify(src/teleop_serial) by extension 'ignore_ament_install'
[1.384s] Level 1:colcon.colcon_core.package_identification:_identify(src/teleop_serial) by extensions ['colcon_pkg']
[1.384s] Level 1:colcon.colcon_core.package_identification:_identify(src/teleop_serial) by extension 'colcon_pkg'
[1.384s] Level 1:colcon.colcon_core.package_identification:_identify(src/teleop_serial) by extensions ['colcon_meta']
[1.384s] Level 1:colcon.colcon_core.package_identification:_identify(src/teleop_serial) by extension 'colcon_meta'
[1.384s] Level 1:colcon.colcon_core.package_identification:_identify(src/teleop_serial) by extensions ['ros']
[1.384s] Level 1:colcon.colcon_core.package_identification:_identify(src/teleop_serial) by extension 'ros'
[1.386s] DEBUG:colcon.colcon_core.package_identification:Package 'src/teleop_serial' with type 'ros.ament_python' and name 'teleop_serial'
[1.387s] Level 1:colcon.colcon_core.package_identification:_identify(src/teleop_test) by extensions ['ignore', 'ignore_ament_install']
[1.387s] Level 1:colcon.colcon_core.package_identification:_identify(src/teleop_test) by extension 'ignore'
[1.387s] Level 1:colcon.colcon_core.package_identification:_identify(src/teleop_test) by extension 'ignore_ament_install'
[1.388s] Level 1:colcon.colcon_core.package_identification:_identify(src/teleop_test) by extensions ['colcon_pkg']
[1.388s] Level 1:colcon.colcon_core.package_identification:_identify(src/teleop_test) by extension 'colcon_pkg'
[1.388s] Level 1:colcon.colcon_core.package_identification:_identify(src/teleop_test) by extensions ['colcon_meta']
[1.388s] Level 1:colcon.colcon_core.package_identification:_identify(src/teleop_test) by extension 'colcon_meta'
[1.388s] Level 1:colcon.colcon_core.package_identification:_identify(src/teleop_test) by extensions ['ros']
[1.388s] Level 1:colcon.colcon_core.package_identification:_identify(src/teleop_test) by extension 'ros'
[1.388s] Level 1:colcon.colcon_core.package_identification:_identify(src/teleop_test) by extensions ['cmake', 'python']
[1.389s] Level 1:colcon.colcon_core.package_identification:_identify(src/teleop_test) by extension 'cmake'
[1.389s] Level 1:colcon.colcon_core.package_identification:_identify(src/teleop_test) by extension 'python'
[1.389s] Level 1:colcon.colcon_core.package_identification:_identify(src/teleop_test) by extensions ['python_setup_py']
[1.389s] Level 1:colcon.colcon_core.package_identification:_identify(src/teleop_test) by extension 'python_setup_py'
[1.389s] Level 1:colcon.colcon_core.package_discovery:discover_packages(recursive) using defaults
[1.389s] Level 1:colcon.colcon_core.package_discovery:discover_packages(ignore) discover
[1.390s] Level 1:colcon.colcon_core.package_discovery:discover_packages(ignore) using defaults
[1.390s] Level 1:colcon.colcon_core.package_discovery:discover_packages(path) discover
[1.390s] Level 1:colcon.colcon_core.package_discovery:discover_packages(path) using defaults
[1.448s] Level 1:colcon.colcon_core.package_discovery:discover_packages(prefix_path) check parameters
[1.448s] Level 1:colcon.colcon_core.package_discovery:discover_packages(prefix_path) discover
[1.456s] DEBUG:colcon.colcon_installed_package_information.package_discovery:Found 4 installed packages in /home/pi/ros2_ws/install
[1.458s] DEBUG:colcon.colcon_installed_package_information.package_discovery:Found 2 installed packages in /home/pi/serial_ws/install
[1.466s] DEBUG:colcon.colcon_installed_package_information.package_discovery:Found 289 installed packages in /opt/ros/foxy
[1.473s] Level 1:colcon.colcon_core.package_discovery:discover_packages(prefix_path) using defaults
[1.843s] Level 5:colcon.colcon_core.verb:set package 'serial_comm' build argument 'cmake_args' from command line to 'None'
[1.843s] Level 5:colcon.colcon_core.verb:set package 'serial_comm' build argument 'cmake_target' from command line to 'None'
[1.843s] Level 5:colcon.colcon_core.verb:set package 'serial_comm' build argument 'cmake_target_skip_unavailable' from command line to 'False'
[1.844s] Level 5:colcon.colcon_core.verb:set package 'serial_comm' build argument 'cmake_clean_cache' from command line to 'False'
[1.844s] Level 5:colcon.colcon_core.verb:set package 'serial_comm' build argument 'cmake_clean_first' from command line to 'False'
[1.844s] Level 5:colcon.colcon_core.verb:set package 'serial_comm' build argument 'cmake_force_configure' from command line to 'False'
[1.844s] Level 5:colcon.colcon_core.verb:set package 'serial_comm' build argument 'ament_cmake_args' from command line to 'None'
[1.844s] Level 5:colcon.colcon_core.verb:set package 'serial_comm' build argument 'catkin_cmake_args' from command line to 'None'
[1.844s] Level 5:colcon.colcon_core.verb:set package 'serial_comm' build argument 'catkin_skip_building_tests' from command line to 'False'
[1.844s] DEBUG:colcon.colcon_core.verb:Building package 'serial_comm' with the following arguments: {'ament_cmake_args': None, 'build_base': '/home/pi/serial_ws/build/serial_comm', 'catkin_cmake_args': None, 'catkin_skip_building_tests': False, 'cmake_args': None, 'cmake_clean_cache': False, 'cmake_clean_first': False, 'cmake_force_configure': False, 'cmake_target': None, 'cmake_target_skip_unavailable': False, 'install_base': '/home/pi/serial_ws/install/serial_comm', 'merge_install': False, 'path': '/home/pi/serial_ws/src/serial_comm', 'symlink_install': True, 'test_result_base': None}
[1.846s] Level 5:colcon.colcon_core.verb:set package 'teleop_serial' build argument 'cmake_args' from command line to 'None'
[1.846s] Level 5:colcon.colcon_core.verb:set package 'teleop_serial' build argument 'cmake_target' from command line to 'None'
[1.846s] Level 5:colcon.colcon_core.verb:set package 'teleop_serial' build argument 'cmake_target_skip_unavailable' from command line to 'False'
[1.846s] Level 5:colcon.colcon_core.verb:set package 'teleop_serial' build argument 'cmake_clean_cache' from command line to 'False'
[1.846s] Level 5:colcon.colcon_core.verb:set package 'teleop_serial' build argument 'cmake_clean_first' from command line to 'False'
[1.846s] Level 5:colcon.colcon_core.verb:set package 'teleop_serial' build argument 'cmake_force_configure' from command line to 'False'
[1.846s] Level 5:colcon.colcon_core.verb:set package 'teleop_serial' build argument 'ament_cmake_args' from command line to 'None'
[1.846s] Level 5:colcon.colcon_core.verb:set package 'teleop_serial' build argument 'catkin_cmake_args' from command line to 'None'
[1.847s] Level 5:colcon.colcon_core.verb:set package 'teleop_serial' build argument 'catkin_skip_building_tests' from command line to 'False'
[1.847s] DEBUG:colcon.colcon_core.verb:Building package 'teleop_serial' with the following arguments: {'ament_cmake_args': None, 'build_base': '/home/pi/serial_ws/build/teleop_serial', 'catkin_cmake_args': None, 'catkin_skip_building_tests': False, 'cmake_args': None, 'cmake_clean_cache': False, 'cmake_clean_first': False, 'cmake_force_configure': False, 'cmake_target': None, 'cmake_target_skip_unavailable': False, 'install_base': '/home/pi/serial_ws/install/teleop_serial', 'merge_install': False, 'path': '/home/pi/serial_ws/src/teleop_serial', 'symlink_install': True, 'test_result_base': None}
[1.847s] INFO:colcon.colcon_core.executor:Executing jobs using 'parallel' executor
[1.850s] DEBUG:colcon.colcon_parallel_executor.executor.parallel:run_until_complete
[1.851s] INFO:colcon.colcon_ros.task.ament_python.build:Building ROS package in '/home/pi/serial_ws/src/serial_comm' with build type 'ament_python'
[1.852s] Level 1:colcon.colcon_core.shell:create_environment_hook('serial_comm', 'ament_prefix_path')
[1.860s] INFO:colcon.colcon_core.plugin_system:Skipping extension 'colcon_core.shell.bat': Not used on non-Windows systems
[1.861s] INFO:colcon.colcon_core.shell:Creating environment hook '/home/pi/serial_ws/install/serial_comm/share/serial_comm/hook/ament_prefix_path.ps1'
[1.863s] INFO:colcon.colcon_core.shell:Creating environment descriptor '/home/pi/serial_ws/install/serial_comm/share/serial_comm/hook/ament_prefix_path.dsv'
[1.866s] INFO:colcon.colcon_core.shell:Creating environment hook '/home/pi/serial_ws/install/serial_comm/share/serial_comm/hook/ament_prefix_path.sh'
[1.869s] INFO:colcon.colcon_core.shell:Skip shell extension 'powershell' for command environment: Not usable outside of PowerShell
[1.869s] DEBUG:colcon.colcon_core.shell:Skip shell extension 'dsv' for command environment
[1.892s] INFO:colcon.colcon_ros.task.ament_python.build:Building ROS package in '/home/pi/serial_ws/src/teleop_serial' with build type 'ament_python'
[1.893s] Level 1:colcon.colcon_core.shell:create_environment_hook('teleop_serial', 'ament_prefix_path')
[1.895s] INFO:colcon.colcon_core.shell:Creating environment hook '/home/pi/serial_ws/install/teleop_serial/share/teleop_serial/hook/ament_prefix_path.ps1'
[1.898s] INFO:colcon.colcon_core.shell:Creating environment descriptor '/home/pi/serial_ws/install/teleop_serial/share/teleop_serial/hook/ament_prefix_path.dsv'
[1.900s] INFO:colcon.colcon_core.shell:Creating environment hook '/home/pi/serial_ws/install/teleop_serial/share/teleop_serial/hook/ament_prefix_path.sh'
[1.903s] INFO:colcon.colcon_core.shell:Skip shell extension 'powershell' for command environment: Not usable outside of PowerShell
[1.903s] DEBUG:colcon.colcon_core.shell:Skip shell extension 'dsv' for command environment
[2.805s] INFO:colcon.colcon_core.task.python.build:Building Python package in '/home/pi/serial_ws/src/serial_comm'
[2.807s] INFO:colcon.colcon_core.shell:Skip shell extension 'powershell' for command environment: Not usable outside of PowerShell
[2.807s] DEBUG:colcon.colcon_core.shell:Skip shell extension 'dsv' for command environment
[3.706s] INFO:colcon.colcon_core.task.python.build:Building Python package in '/home/pi/serial_ws/src/teleop_serial'
[3.708s] INFO:colcon.colcon_core.shell:Skip shell extension 'powershell' for command environment: Not usable outside of PowerShell
[3.708s] DEBUG:colcon.colcon_core.shell:Skip shell extension 'dsv' for command environment
[5.483s] DEBUG:colcon.colcon_core.event_handler.log_command:Invoking command in '/home/pi/serial_ws/build/serial_comm': PYTHONPATH=/home/pi/serial_ws/build/serial_comm/prefix_override:/usr/lib/python3/dist-packages/colcon_core/task/python/colcon_distutils_commands:/home/pi/serial_ws/install/serial_comm/lib/python3.8/site-packages:${PYTHONPATH} /usr/bin/python3 -W ignore:setup.py install is deprecated -W ignore:easy_install command is deprecated setup.py develop --editable --build-directory /home/pi/serial_ws/build/serial_comm/build --no-deps symlink_data
[5.531s] DEBUG:colcon.colcon_core.event_handler.log_command:Invoking command in '/home/pi/serial_ws/build/teleop_serial': PYTHONPATH=/home/pi/serial_ws/build/teleop_serial/prefix_override:/usr/lib/python3/dist-packages/colcon_core/task/python/colcon_distutils_commands:/home/pi/serial_ws/install/teleop_serial/lib/python3.8/site-packages:${PYTHONPATH} /usr/bin/python3 -W ignore:setup.py install is deprecated -W ignore:easy_install command is deprecated setup.py develop --editable --build-directory /home/pi/serial_ws/build/teleop_serial/build --no-deps symlink_data
[7.597s] Level 1:colcon.colcon_core.shell:create_environment_hook('serial_comm', 'pythonpath_develop')
[7.599s] INFO:colcon.colcon_core.shell:Creating environment hook '/home/pi/serial_ws/build/serial_comm/share/serial_comm/hook/pythonpath_develop.ps1'
[7.601s] DEBUG:colcon.colcon_core.event_handler.log_command:Invoked command in '/home/pi/serial_ws/build/serial_comm' returned '0': PYTHONPATH=/home/pi/serial_ws/build/serial_comm/prefix_override:/usr/lib/python3/dist-packages/colcon_core/task/python/colcon_distutils_commands:/home/pi/serial_ws/install/serial_comm/lib/python3.8/site-packages:${PYTHONPATH} /usr/bin/python3 -W ignore:setup.py install is deprecated -W ignore:easy_install command is deprecated setup.py develop --editable --build-directory /home/pi/serial_ws/build/serial_comm/build --no-deps symlink_data
[7.606s] INFO:colcon.colcon_core.shell:Creating environment descriptor '/home/pi/serial_ws/build/serial_comm/share/serial_comm/hook/pythonpath_develop.dsv'
[7.609s] INFO:colcon.colcon_core.shell:Creating environment hook '/home/pi/serial_ws/build/serial_comm/share/serial_comm/hook/pythonpath_develop.sh'
[7.631s] Level 1:colcon.colcon_core.environment:checking '/home/pi/serial_ws/install/serial_comm' for CMake module files
[7.634s] Level 1:colcon.colcon_core.environment:checking '/home/pi/serial_ws/install/serial_comm' for CMake config files
[7.638s] Level 1:colcon.colcon_core.environment:checking '/home/pi/serial_ws/install/serial_comm/lib'
[7.640s] Level 1:colcon.colcon_core.environment:checking '/home/pi/serial_ws/install/serial_comm/bin'
[7.640s] Level 1:colcon.colcon_core.environment:checking '/home/pi/serial_ws/install/serial_comm/lib/pkgconfig/serial_comm.pc'
[7.641s] Level 1:colcon.colcon_core.environment:checking '/home/pi/serial_ws/install/serial_comm/lib/python3.8/site-packages'
[7.642s] Level 1:colcon.colcon_core.shell:create_environment_hook('serial_comm', 'pythonpath')
[7.643s] INFO:colcon.colcon_core.shell:Creating environment hook '/home/pi/serial_ws/install/serial_comm/share/serial_comm/hook/pythonpath.ps1'
[7.647s] INFO:colcon.colcon_core.shell:Creating environment descriptor '/home/pi/serial_ws/install/serial_comm/share/serial_comm/hook/pythonpath.dsv'
[7.650s] INFO:colcon.colcon_core.shell:Creating environment hook '/home/pi/serial_ws/install/serial_comm/share/serial_comm/hook/pythonpath.sh'
[7.655s] Level 1:colcon.colcon_core.environment:checking '/home/pi/serial_ws/install/serial_comm/bin'
[7.655s] Level 1:colcon.colcon_core.environment:create_environment_scripts_only(serial_comm)
[7.657s] INFO:colcon.colcon_core.shell:Creating package script '/home/pi/serial_ws/install/serial_comm/share/serial_comm/package.ps1'
[7.662s] INFO:colcon.colcon_core.shell:Creating package descriptor '/home/pi/serial_ws/install/serial_comm/share/serial_comm/package.dsv'
[7.665s] INFO:colcon.colcon_core.shell:Creating package script '/home/pi/serial_ws/install/serial_comm/share/serial_comm/package.sh'
[7.668s] INFO:colcon.colcon_core.shell:Creating package script '/home/pi/serial_ws/install/serial_comm/share/serial_comm/package.bash'
[7.671s] INFO:colcon.colcon_core.shell:Creating package script '/home/pi/serial_ws/install/serial_comm/share/serial_comm/package.zsh'
[7.674s] Level 1:colcon.colcon_core.environment:create_file_with_runtime_dependencies(/home/pi/serial_ws/install/serial_comm/share/colcon-core/packages/serial_comm)
[7.678s] Level 1:colcon.colcon_core.shell:create_environment_hook('teleop_serial', 'pythonpath_develop')
[7.679s] INFO:colcon.colcon_core.shell:Creating environment hook '/home/pi/serial_ws/build/teleop_serial/share/teleop_serial/hook/pythonpath_develop.ps1'
[7.682s] DEBUG:colcon.colcon_core.event_handler.log_command:Invoked command in '/home/pi/serial_ws/build/teleop_serial' returned '0': PYTHONPATH=/home/pi/serial_ws/build/teleop_serial/prefix_override:/usr/lib/python3/dist-packages/colcon_core/task/python/colcon_distutils_commands:/home/pi/serial_ws/install/teleop_serial/lib/python3.8/site-packages:${PYTHONPATH} /usr/bin/python3 -W ignore:setup.py install is deprecated -W ignore:easy_install command is deprecated setup.py develop --editable --build-directory /home/pi/serial_ws/build/teleop_serial/build --no-deps symlink_data
[7.683s] INFO:colcon.colcon_core.shell:Creating environment descriptor '/home/pi/serial_ws/build/teleop_serial/share/teleop_serial/hook/pythonpath_develop.dsv'
[7.685s] INFO:colcon.colcon_core.shell:Creating environment hook '/home/pi/serial_ws/build/teleop_serial/share/teleop_serial/hook/pythonpath_develop.sh'
[7.688s] Level 1:colcon.colcon_core.environment:checking '/home/pi/serial_ws/install/teleop_serial' for CMake module files
[7.691s] Level 1:colcon.colcon_core.environment:checking '/home/pi/serial_ws/install/teleop_serial' for CMake config files
[7.694s] Level 1:colcon.colcon_core.environment:checking '/home/pi/serial_ws/install/teleop_serial/lib'
[7.694s] Level 1:colcon.colcon_core.environment:checking '/home/pi/serial_ws/install/teleop_serial/bin'
[7.695s] Level 1:colcon.colcon_core.environment:checking '/home/pi/serial_ws/install/teleop_serial/lib/pkgconfig/teleop_serial.pc'
[7.695s] Level 1:colcon.colcon_core.environment:checking '/home/pi/serial_ws/install/teleop_serial/lib/python3.8/site-packages'
[7.695s] Level 1:colcon.colcon_core.shell:create_environment_hook('teleop_serial', 'pythonpath')
[7.696s] INFO:colcon.colcon_core.shell:Creating environment hook '/home/pi/serial_ws/install/teleop_serial/share/teleop_serial/hook/pythonpath.ps1'
[7.698s] INFO:colcon.colcon_core.shell:Creating environment descriptor '/home/pi/serial_ws/install/teleop_serial/share/teleop_serial/hook/pythonpath.dsv'
[7.700s] INFO:colcon.colcon_core.shell:Creating environment hook '/home/pi/serial_ws/install/teleop_serial/share/teleop_serial/hook/pythonpath.sh'
[7.703s] Level 1:colcon.colcon_core.environment:checking '/home/pi/serial_ws/install/teleop_serial/bin'
[7.703s] Level 1:colcon.colcon_core.environment:create_environment_scripts_only(teleop_serial)
[7.704s] INFO:colcon.colcon_core.shell:Creating package script '/home/pi/serial_ws/install/teleop_serial/share/teleop_serial/package.ps1'
[7.707s] INFO:colcon.colcon_core.shell:Creating package descriptor '/home/pi/serial_ws/install/teleop_serial/share/teleop_serial/package.dsv'
[7.709s] INFO:colcon.colcon_core.shell:Creating package script '/home/pi/serial_ws/install/teleop_serial/share/teleop_serial/package.sh'
[7.711s] INFO:colcon.colcon_core.shell:Creating package script '/home/pi/serial_ws/install/teleop_serial/share/teleop_serial/package.bash'
[7.713s] INFO:colcon.colcon_core.shell:Creating package script '/home/pi/serial_ws/install/teleop_serial/share/teleop_serial/package.zsh'
[7.715s] Level 1:colcon.colcon_core.environment:create_file_with_runtime_dependencies(/home/pi/serial_ws/install/teleop_serial/share/colcon-core/packages/teleop_serial)
[7.716s] DEBUG:colcon.colcon_parallel_executor.executor.parallel:closing loop
[7.717s] DEBUG:colcon.colcon_parallel_executor.executor.parallel:loop closed
[7.717s] DEBUG:colcon.colcon_parallel_executor.executor.parallel:run_until_complete finished with '0'
[7.717s] DEBUG:colcon.colcon_core.event_reactor:joining thread
[7.741s] INFO:colcon.colcon_core.plugin_system:Skipping extension 'colcon_notification.desktop_notification.notify_send': Could not find 'notify-send'
[7.742s] INFO:colcon.colcon_core.plugin_system:Skipping extension 'colcon_notification.desktop_notification.terminal_notifier': Not used on non-Darwin systems
[7.742s] INFO:colcon.colcon_core.plugin_system:Skipping extension 'colcon_notification.desktop_notification.win32': Not used on non-Windows systems
[7.742s] INFO:colcon.colcon_notification.desktop_notification:Sending desktop notification using 'notify2'
[7.745s] DEBUG:colcon.colcon_notification.desktop_notification.notify2:Failed to initialize notify2: org.freedesktop.DBus.Error.ServiceUnknown: The name org.freedesktop.Notifications was not provided by any .service files
[7.746s] DEBUG:colcon.colcon_core.event_reactor:joined thread
[7.747s] INFO:colcon.colcon_core.shell:Creating prefix script '/home/pi/serial_ws/install/local_setup.ps1'
[7.750s] INFO:colcon.colcon_core.shell:Creating prefix util module '/home/pi/serial_ws/install/_local_setup_util_ps1.py'
[7.756s] INFO:colcon.colcon_core.shell:Creating prefix chain script '/home/pi/serial_ws/install/setup.ps1'
[7.761s] INFO:colcon.colcon_core.shell:Creating prefix script '/home/pi/serial_ws/install/local_setup.sh'
[7.764s] INFO:colcon.colcon_core.shell:Creating prefix util module '/home/pi/serial_ws/install/_local_setup_util_sh.py'
[7.766s] INFO:colcon.colcon_core.shell:Creating prefix chain script '/home/pi/serial_ws/install/setup.sh'
[7.772s] INFO:colcon.colcon_core.shell:Creating prefix script '/home/pi/serial_ws/install/local_setup.bash'
[7.774s] INFO:colcon.colcon_core.shell:Creating prefix chain script '/home/pi/serial_ws/install/setup.bash'
[7.779s] INFO:colcon.colcon_core.shell:Creating prefix script '/home/pi/serial_ws/install/local_setup.zsh'
[7.782s] INFO:colcon.colcon_core.shell:Creating prefix chain script '/home/pi/serial_ws/install/setup.zsh'
