running egg_info
creating ../../../build/serial_motor/serial_motor.egg-info
writing ../../../build/serial_motor/serial_motor.egg-info/PKG-INFO
writing dependency_links to ../../../build/serial_motor/serial_motor.egg-info/dependency_links.txt
writing entry points to ../../../build/serial_motor/serial_motor.egg-info/entry_points.txt
writing requirements to ../../../build/serial_motor/serial_motor.egg-info/requires.txt
writing top-level names to ../../../build/serial_motor/serial_motor.egg-info/top_level.txt
writing manifest file '../../../build/serial_motor/serial_motor.egg-info/SOURCES.txt'
reading manifest file '../../../build/serial_motor/serial_motor.egg-info/SOURCES.txt'
writing manifest file '../../../build/serial_motor/serial_motor.egg-info/SOURCES.txt'
running build
running build_py
creating /home/farah/farah/GP_Repo/Autonomous-RC-Car/build/serial_motor/build
creating /home/farah/farah/GP_Repo/Autonomous-RC-Car/build/serial_motor/build/lib
creating /home/farah/farah/GP_Repo/Autonomous-RC-Car/build/serial_motor/build/lib/serial_motor
copying serial_motor/serial_node_publisher.py -> /home/farah/farah/GP_Repo/Autonomous-RC-Car/build/serial_motor/build/lib/serial_motor
copying serial_motor/serial_node.py -> /home/farah/farah/GP_Repo/Autonomous-RC-Car/build/serial_motor/build/lib/serial_motor
copying serial_motor/__init__.py -> /home/farah/farah/GP_Repo/Autonomous-RC-Car/build/serial_motor/build/lib/serial_motor
running install
running install_lib
/usr/lib/python3/dist-packages/setuptools/dist.py:723: UserWarning: Usage of dash-separated 'script-dir' will not be supported in future versions. Please use the underscore name 'script_dir' instead
  warnings.warn(
creating /home/farah/farah/GP_Repo/Autonomous-RC-Car/install/serial_motor/lib/python3.10/site-packages/serial_motor
copying /home/farah/farah/GP_Repo/Autonomous-RC-Car/build/serial_motor/build/lib/serial_motor/serial_node_publisher.py -> /home/farah/farah/GP_Repo/Autonomous-RC-Car/install/serial_motor/lib/python3.10/site-packages/serial_motor
copying /home/farah/farah/GP_Repo/Autonomous-RC-Car/build/serial_motor/build/lib/serial_motor/serial_node.py -> /home/farah/farah/GP_Repo/Autonomous-RC-Car/install/serial_motor/lib/python3.10/site-packages/serial_motor
copying /home/farah/farah/GP_Repo/Autonomous-RC-Car/build/serial_motor/build/lib/serial_motor/__init__.py -> /home/farah/farah/GP_Repo/Autonomous-RC-Car/install/serial_motor/lib/python3.10/site-packages/serial_motor
byte-compiling /home/farah/farah/GP_Repo/Autonomous-RC-Car/install/serial_motor/lib/python3.10/site-packages/serial_motor/serial_node_publisher.py to serial_node_publisher.cpython-310.pyc
byte-compiling /home/farah/farah/GP_Repo/Autonomous-RC-Car/install/serial_motor/lib/python3.10/site-packages/serial_motor/serial_node.py to serial_node.cpython-310.pyc
byte-compiling /home/farah/farah/GP_Repo/Autonomous-RC-Car/install/serial_motor/lib/python3.10/site-packages/serial_motor/__init__.py to __init__.cpython-310.pyc
running install_data
creating /home/farah/farah/GP_Repo/Autonomous-RC-Car/install/serial_motor/share/ament_index
creating /home/farah/farah/GP_Repo/Autonomous-RC-Car/install/serial_motor/share/ament_index/resource_index
creating /home/farah/farah/GP_Repo/Autonomous-RC-Car/install/serial_motor/share/ament_index/resource_index/packages
copying resource/serial_motor -> /home/farah/farah/GP_Repo/Autonomous-RC-Car/install/serial_motor/share/ament_index/resource_index/packages
copying package.xml -> /home/farah/farah/GP_Repo/Autonomous-RC-Car/install/serial_motor/share/serial_motor
running install_egg_info
Copying ../../../build/serial_motor/serial_motor.egg-info to /home/farah/farah/GP_Repo/Autonomous-RC-Car/install/serial_motor/lib/python3.10/site-packages/serial_motor-0.0.0-py3.10.egg-info
running install_scripts
Installing number_publisher script to /home/farah/farah/GP_Repo/Autonomous-RC-Car/install/serial_motor/lib/serial_motor
Installing serial_test script to /home/farah/farah/GP_Repo/Autonomous-RC-Car/install/serial_motor/lib/serial_motor
writing list of installed files to '/home/farah/farah/GP_Repo/Autonomous-RC-Car/build/serial_motor/install.log'
