[1.535s] Invoking command in '/home/farah/farah/GP_Repo/Autonomous-RC-Car/dev_ws/src/serial_motor': PYTHONPATH=/home/farah/farah/GP_Repo/Autonomous-RC-Car/build/serial_motor/prefix_override:/usr/lib/python3/dist-packages/colcon_core/task/python/colcon_distutils_commands:/home/farah/farah/GP_Repo/Autonomous-RC-Car/install/serial_motor/lib/python3.10/site-packages:${PYTHONPATH} /usr/bin/python3 -W ignore:setup.py install is deprecated setup.py egg_info --egg-base ../../../build/serial_motor build --build-base /home/farah/farah/GP_Repo/Autonomous-RC-Car/build/serial_motor/build install --record /home/farah/farah/GP_Repo/Autonomous-RC-Car/build/serial_motor/install.log --install-scripts $base/lib/serial_motor --single-version-externally-managed install_data
[1.913s] running egg_info
[1.913s] creating ../../../build/serial_motor/serial_motor.egg-info
[1.913s] writing ../../../build/serial_motor/serial_motor.egg-info/PKG-INFO
[1.913s] writing dependency_links to ../../../build/serial_motor/serial_motor.egg-info/dependency_links.txt
[1.913s] writing entry points to ../../../build/serial_motor/serial_motor.egg-info/entry_points.txt
[1.913s] writing requirements to ../../../build/serial_motor/serial_motor.egg-info/requires.txt
[1.913s] writing top-level names to ../../../build/serial_motor/serial_motor.egg-info/top_level.txt
[1.914s] writing manifest file '../../../build/serial_motor/serial_motor.egg-info/SOURCES.txt'
[1.914s] reading manifest file '../../../build/serial_motor/serial_motor.egg-info/SOURCES.txt'
[1.914s] writing manifest file '../../../build/serial_motor/serial_motor.egg-info/SOURCES.txt'
[1.914s] running build
[1.914s] running build_py
[1.914s] creating /home/farah/farah/GP_Repo/Autonomous-RC-Car/build/serial_motor/build
[1.914s] creating /home/farah/farah/GP_Repo/Autonomous-RC-Car/build/serial_motor/build/lib
[1.914s] creating /home/farah/farah/GP_Repo/Autonomous-RC-Car/build/serial_motor/build/lib/serial_motor
[1.914s] copying serial_motor/serial_node_publisher.py -> /home/farah/farah/GP_Repo/Autonomous-RC-Car/build/serial_motor/build/lib/serial_motor
[1.914s] copying serial_motor/serial_node.py -> /home/farah/farah/GP_Repo/Autonomous-RC-Car/build/serial_motor/build/lib/serial_motor
[1.915s] copying serial_motor/__init__.py -> /home/farah/farah/GP_Repo/Autonomous-RC-Car/build/serial_motor/build/lib/serial_motor
[1.915s] running install
[1.915s] running install_lib
[1.916s] /usr/lib/python3/dist-packages/setuptools/dist.py:723: UserWarning: Usage of dash-separated 'script-dir' will not be supported in future versions. Please use the underscore name 'script_dir' instead
[1.916s]   warnings.warn(
[1.917s] creating /home/farah/farah/GP_Repo/Autonomous-RC-Car/install/serial_motor/lib/python3.10/site-packages/serial_motor
[1.917s] copying /home/farah/farah/GP_Repo/Autonomous-RC-Car/build/serial_motor/build/lib/serial_motor/serial_node_publisher.py -> /home/farah/farah/GP_Repo/Autonomous-RC-Car/install/serial_motor/lib/python3.10/site-packages/serial_motor
[1.917s] copying /home/farah/farah/GP_Repo/Autonomous-RC-Car/build/serial_motor/build/lib/serial_motor/serial_node.py -> /home/farah/farah/GP_Repo/Autonomous-RC-Car/install/serial_motor/lib/python3.10/site-packages/serial_motor
[1.917s] copying /home/farah/farah/GP_Repo/Autonomous-RC-Car/build/serial_motor/build/lib/serial_motor/__init__.py -> /home/farah/farah/GP_Repo/Autonomous-RC-Car/install/serial_motor/lib/python3.10/site-packages/serial_motor
[1.917s] byte-compiling /home/farah/farah/GP_Repo/Autonomous-RC-Car/install/serial_motor/lib/python3.10/site-packages/serial_motor/serial_node_publisher.py to serial_node_publisher.cpython-310.pyc
[1.918s] byte-compiling /home/farah/farah/GP_Repo/Autonomous-RC-Car/install/serial_motor/lib/python3.10/site-packages/serial_motor/serial_node.py to serial_node.cpython-310.pyc
[1.918s] byte-compiling /home/farah/farah/GP_Repo/Autonomous-RC-Car/install/serial_motor/lib/python3.10/site-packages/serial_motor/__init__.py to __init__.cpython-310.pyc
[1.918s] running install_data
[1.918s] creating /home/farah/farah/GP_Repo/Autonomous-RC-Car/install/serial_motor/share/ament_index
[1.919s] creating /home/farah/farah/GP_Repo/Autonomous-RC-Car/install/serial_motor/share/ament_index/resource_index
[1.919s] creating /home/farah/farah/GP_Repo/Autonomous-RC-Car/install/serial_motor/share/ament_index/resource_index/packages
[1.919s] copying resource/serial_motor -> /home/farah/farah/GP_Repo/Autonomous-RC-Car/install/serial_motor/share/ament_index/resource_index/packages
[1.919s] copying package.xml -> /home/farah/farah/GP_Repo/Autonomous-RC-Car/install/serial_motor/share/serial_motor
[1.919s] running install_egg_info
[1.920s] Copying ../../../build/serial_motor/serial_motor.egg-info to /home/farah/farah/GP_Repo/Autonomous-RC-Car/install/serial_motor/lib/python3.10/site-packages/serial_motor-0.0.0-py3.10.egg-info
[1.922s] running install_scripts
[1.957s] Installing number_publisher script to /home/farah/farah/GP_Repo/Autonomous-RC-Car/install/serial_motor/lib/serial_motor
[1.957s] Installing serial_test script to /home/farah/farah/GP_Repo/Autonomous-RC-Car/install/serial_motor/lib/serial_motor
[1.957s] writing list of installed files to '/home/farah/farah/GP_Repo/Autonomous-RC-Car/build/serial_motor/install.log'
[2.016s] Invoked command in '/home/farah/farah/GP_Repo/Autonomous-RC-Car/dev_ws/src/serial_motor' returned '0': PYTHONPATH=/home/farah/farah/GP_Repo/Autonomous-RC-Car/build/serial_motor/prefix_override:/usr/lib/python3/dist-packages/colcon_core/task/python/colcon_distutils_commands:/home/farah/farah/GP_Repo/Autonomous-RC-Car/install/serial_motor/lib/python3.10/site-packages:${PYTHONPATH} /usr/bin/python3 -W ignore:setup.py install is deprecated setup.py egg_info --egg-base ../../../build/serial_motor build --build-base /home/farah/farah/GP_Repo/Autonomous-RC-Car/build/serial_motor/build install --record /home/farah/farah/GP_Repo/Autonomous-RC-Car/build/serial_motor/install.log --install-scripts $base/lib/serial_motor --single-version-externally-managed install_data
